[0.096s] DEBUG:colcon:Command line arguments: ['/usr/bin/colcon', 'build']
[0.097s] DEBUG:colcon:Parsed command line arguments: Namespace(log_base=None, log_level=None, verb_name='build', build_base='build', install_base='install', merge_install=False, symlink_install=False, test_result_base=None, continue_on_error=False, executor='parallel', parallel_workers=20, event_handlers=None, ignore_user_meta=False, metas=['./colcon.meta'], base_paths=['.'], packages_ignore=None, packages_ignore_regex=None, paths=None, packages_up_to=None, packages_up_to_regex=None, packages_above=None, packages_above_and_dependencies=None, packages_above_depth=None, packages_select_by_dep=None, packages_skip_by_dep=None, packages_skip_up_to=None, packages_select_build_failed=False, packages_skip_build_finished=False, packages_select_test_failures=False, packages_skip_test_passed=False, packages_select=None, packages_skip=None, packages_select_regex=None, packages_skip_regex=None, packages_start=None, packages_end=None, allow_overriding=[], cmake_args=None, cmake_target=None, cmake_target_skip_unavailable=False, cmake_clean_cache=False, cmake_clean_first=False, cmake_force_configure=False, ament_cmake_args=None, catkin_cmake_args=None, catkin_skip_building_tests=False, mixin_files=None, mixin=None, verb_parser=<colcon_mixin.mixin.mixin_argument.MixinArgumentDecorator object at 0x718415f4bb20>, verb_extension=<colcon_core.verb.build.BuildVerb object at 0x7184160bff10>, main=<bound method BuildVerb.main of <colcon_core.verb.build.BuildVerb object at 0x7184160bff10>>, mixin_verb=('build',))
[0.242s] Level 1:colcon.colcon_core.package_discovery:discover_packages(colcon_meta) check parameters
[0.242s] Level 1:colcon.colcon_core.package_discovery:discover_packages(recursive) check parameters
[0.242s] Level 1:colcon.colcon_core.package_discovery:discover_packages(ignore) check parameters
[0.242s] Level 1:colcon.colcon_core.package_discovery:discover_packages(path) check parameters
[0.242s] Level 1:colcon.colcon_core.package_discovery:discover_packages(colcon_meta) discover
[0.242s] Level 1:colcon.colcon_core.package_discovery:discover_packages(recursive) discover
[0.242s] INFO:colcon.colcon_core.package_discovery:Crawling recursively for packages in '/home/glacier-dssl/Projects/odometry_plot_ros2'
[0.242s] Level 1:colcon.colcon_core.package_identification:_identify(.) by extensions ['ignore', 'ignore_ament_install']
[0.242s] Level 1:colcon.colcon_core.package_identification:_identify(.) by extension 'ignore'
[0.242s] Level 1:colcon.colcon_core.package_identification:_identify(.) by extension 'ignore_ament_install'
[0.242s] Level 1:colcon.colcon_core.package_identification:_identify(.) by extensions ['colcon_pkg']
[0.243s] Level 1:colcon.colcon_core.package_identification:_identify(.) by extension 'colcon_pkg'
[0.243s] Level 1:colcon.colcon_core.package_identification:_identify(.) by extensions ['colcon_meta']
[0.243s] Level 1:colcon.colcon_core.package_identification:_identify(.) by extension 'colcon_meta'
[0.243s] Level 1:colcon.colcon_core.package_identification:_identify(.) by extensions ['ros']
[0.243s] Level 1:colcon.colcon_core.package_identification:_identify(.) by extension 'ros'
[0.252s] Level 1:colcon.colcon_core.package_identification:_identify(.) by extensions ['cmake', 'python']
[0.252s] Level 1:colcon.colcon_core.package_identification:_identify(.) by extension 'cmake'
[0.252s] Level 1:colcon.colcon_core.package_identification:_identify(.) by extension 'python'
[0.252s] Level 1:colcon.colcon_core.package_identification:_identify(.) by extensions ['python_setup_py']
[0.252s] Level 1:colcon.colcon_core.package_identification:_identify(.) by extension 'python_setup_py'
[0.252s] Level 1:colcon.colcon_core.package_identification:_identify(build) by extensions ['ignore', 'ignore_ament_install']
[0.252s] Level 1:colcon.colcon_core.package_identification:_identify(build) by extension 'ignore'
[0.252s] Level 1:colcon.colcon_core.package_identification:_identify(build) ignored
[0.252s] Level 1:colcon.colcon_core.package_identification:_identify(install) by extensions ['ignore', 'ignore_ament_install']
[0.252s] Level 1:colcon.colcon_core.package_identification:_identify(install) by extension 'ignore'
[0.252s] Level 1:colcon.colcon_core.package_identification:_identify(install) ignored
[0.252s] Level 1:colcon.colcon_core.package_identification:_identify(log) by extensions ['ignore', 'ignore_ament_install']
[0.252s] Level 1:colcon.colcon_core.package_identification:_identify(log) by extension 'ignore'
[0.252s] Level 1:colcon.colcon_core.package_identification:_identify(log) ignored
[0.252s] Level 1:colcon.colcon_core.package_identification:_identify(src) by extensions ['ignore', 'ignore_ament_install']
[0.253s] Level 1:colcon.colcon_core.package_identification:_identify(src) by extension 'ignore'
[0.253s] Level 1:colcon.colcon_core.package_identification:_identify(src) by extension 'ignore_ament_install'
[0.253s] Level 1:colcon.colcon_core.package_identification:_identify(src) by extensions ['colcon_pkg']
[0.253s] Level 1:colcon.colcon_core.package_identification:_identify(src) by extension 'colcon_pkg'
[0.253s] Level 1:colcon.colcon_core.package_identification:_identify(src) by extensions ['colcon_meta']
[0.253s] Level 1:colcon.colcon_core.package_identification:_identify(src) by extension 'colcon_meta'
[0.253s] Level 1:colcon.colcon_core.package_identification:_identify(src) by extensions ['ros']
[0.253s] Level 1:colcon.colcon_core.package_identification:_identify(src) by extension 'ros'
[0.253s] Level 1:colcon.colcon_core.package_identification:_identify(src) by extensions ['cmake', 'python']
[0.253s] Level 1:colcon.colcon_core.package_identification:_identify(src) by extension 'cmake'
[0.253s] Level 1:colcon.colcon_core.package_identification:_identify(src) by extension 'python'
[0.253s] Level 1:colcon.colcon_core.package_identification:_identify(src) by extensions ['python_setup_py']
[0.253s] Level 1:colcon.colcon_core.package_identification:_identify(src) by extension 'python_setup_py'
[0.253s] Level 1:colcon.colcon_core.package_identification:_identify(src/odometry_processing) by extensions ['ignore', 'ignore_ament_install']
[0.253s] Level 1:colcon.colcon_core.package_identification:_identify(src/odometry_processing) by extension 'ignore'
[0.253s] Level 1:colcon.colcon_core.package_identification:_identify(src/odometry_processing) by extension 'ignore_ament_install'
[0.253s] Level 1:colcon.colcon_core.package_identification:_identify(src/odometry_processing) by extensions ['colcon_pkg']
[0.253s] Level 1:colcon.colcon_core.package_identification:_identify(src/odometry_processing) by extension 'colcon_pkg'
[0.253s] Level 1:colcon.colcon_core.package_identification:_identify(src/odometry_processing) by extensions ['colcon_meta']
[0.253s] Level 1:colcon.colcon_core.package_identification:_identify(src/odometry_processing) by extension 'colcon_meta'
[0.253s] Level 1:colcon.colcon_core.package_identification:_identify(src/odometry_processing) by extensions ['ros']
[0.253s] Level 1:colcon.colcon_core.package_identification:_identify(src/odometry_processing) by extension 'ros'
[0.255s] DEBUG:colcon.colcon_core.package_identification:Package 'src/odometry_processing' with type 'ros.ament_python' and name 'odometry_processing'
[0.255s] Level 1:colcon.colcon_core.package_discovery:discover_packages(recursive) using defaults
[0.255s] Level 1:colcon.colcon_core.package_discovery:discover_packages(ignore) discover
[0.255s] Level 1:colcon.colcon_core.package_discovery:discover_packages(ignore) using defaults
[0.255s] Level 1:colcon.colcon_core.package_discovery:discover_packages(path) discover
[0.255s] Level 1:colcon.colcon_core.package_discovery:discover_packages(path) using defaults
[0.283s] Level 1:colcon.colcon_core.package_discovery:discover_packages(prefix_path) check parameters
[0.283s] Level 1:colcon.colcon_core.package_discovery:discover_packages(prefix_path) discover
[0.285s] DEBUG:colcon.colcon_installed_package_information.package_discovery:Found 1 installed packages in /home/glacier-dssl/Projects/odometry_plot_ros2/install
[0.286s] DEBUG:colcon.colcon_installed_package_information.package_discovery:Found 403 installed packages in /opt/ros/humble
[0.288s] Level 1:colcon.colcon_core.package_discovery:discover_packages(prefix_path) using defaults
[0.329s] Level 5:colcon.colcon_core.verb:set package 'odometry_processing' build argument 'cmake_args' from command line to 'None'
[0.329s] Level 5:colcon.colcon_core.verb:set package 'odometry_processing' build argument 'cmake_target' from command line to 'None'
[0.329s] Level 5:colcon.colcon_core.verb:set package 'odometry_processing' build argument 'cmake_target_skip_unavailable' from command line to 'False'
[0.329s] Level 5:colcon.colcon_core.verb:set package 'odometry_processing' build argument 'cmake_clean_cache' from command line to 'False'
[0.329s] Level 5:colcon.colcon_core.verb:set package 'odometry_processing' build argument 'cmake_clean_first' from command line to 'False'
[0.329s] Level 5:colcon.colcon_core.verb:set package 'odometry_processing' build argument 'cmake_force_configure' from command line to 'False'
[0.329s] Level 5:colcon.colcon_core.verb:set package 'odometry_processing' build argument 'ament_cmake_args' from command line to 'None'
[0.329s] Level 5:colcon.colcon_core.verb:set package 'odometry_processing' build argument 'catkin_cmake_args' from command line to 'None'
[0.329s] Level 5:colcon.colcon_core.verb:set package 'odometry_processing' build argument 'catkin_skip_building_tests' from command line to 'False'
[0.329s] DEBUG:colcon.colcon_core.verb:Building package 'odometry_processing' with the following arguments: {'ament_cmake_args': None, 'build_base': '/home/glacier-dssl/Projects/odometry_plot_ros2/build/odometry_processing', 'catkin_cmake_args': None, 'catkin_skip_building_tests': False, 'cmake_args': None, 'cmake_clean_cache': False, 'cmake_clean_first': False, 'cmake_force_configure': False, 'cmake_target': None, 'cmake_target_skip_unavailable': False, 'install_base': '/home/glacier-dssl/Projects/odometry_plot_ros2/install/odometry_processing', 'merge_install': False, 'path': '/home/glacier-dssl/Projects/odometry_plot_ros2/src/odometry_processing', 'symlink_install': False, 'test_result_base': None}
[0.329s] INFO:colcon.colcon_core.executor:Executing jobs using 'parallel' executor
[0.330s] DEBUG:colcon.colcon_parallel_executor.executor.parallel:run_until_complete
[0.330s] INFO:colcon.colcon_ros.task.ament_python.build:Building ROS package in '/home/glacier-dssl/Projects/odometry_plot_ros2/src/odometry_processing' with build type 'ament_python'
[0.330s] Level 1:colcon.colcon_core.shell:create_environment_hook('odometry_processing', 'ament_prefix_path')
[0.332s] INFO:colcon.colcon_core.plugin_system:Skipping extension 'colcon_core.shell.bat': Not used on non-Windows systems
[0.333s] INFO:colcon.colcon_core.shell:Creating environment hook '/home/glacier-dssl/Projects/odometry_plot_ros2/install/odometry_processing/share/odometry_processing/hook/ament_prefix_path.ps1'
[0.333s] INFO:colcon.colcon_core.shell:Creating environment descriptor '/home/glacier-dssl/Projects/odometry_plot_ros2/install/odometry_processing/share/odometry_processing/hook/ament_prefix_path.dsv'
[0.334s] INFO:colcon.colcon_core.shell:Creating environment hook '/home/glacier-dssl/Projects/odometry_plot_ros2/install/odometry_processing/share/odometry_processing/hook/ament_prefix_path.sh'
[0.334s] INFO:colcon.colcon_core.shell:Skip shell extension 'powershell' for command environment: Not usable outside of PowerShell
[0.334s] DEBUG:colcon.colcon_core.shell:Skip shell extension 'dsv' for command environment
[0.584s] INFO:colcon.colcon_core.task.python.build:Building Python package in '/home/glacier-dssl/Projects/odometry_plot_ros2/src/odometry_processing'
[0.584s] INFO:colcon.colcon_core.shell:Skip shell extension 'powershell' for command environment: Not usable outside of PowerShell
[0.585s] DEBUG:colcon.colcon_core.shell:Skip shell extension 'dsv' for command environment
[0.912s] DEBUG:colcon.colcon_core.event_handler.log_command:Invoking command in '/home/glacier-dssl/Projects/odometry_plot_ros2/src/odometry_processing': PYTHONPATH=/home/glacier-dssl/Projects/odometry_plot_ros2/build/odometry_processing/prefix_override:/usr/lib/python3/dist-packages/colcon_core/task/python/colcon_distutils_commands:/home/glacier-dssl/Projects/odometry_plot_ros2/install/odometry_processing/lib/python3.10/site-packages:${PYTHONPATH} /usr/bin/python3 -W ignore:setup.py install is deprecated setup.py egg_info --egg-base ../../build/odometry_processing build --build-base /home/glacier-dssl/Projects/odometry_plot_ros2/build/odometry_processing/build install --record /home/glacier-dssl/Projects/odometry_plot_ros2/build/odometry_processing/install.log --single-version-externally-managed install_data
[1.169s] DEBUG:colcon.colcon_core.event_handler.log_command:Invoked command in '/home/glacier-dssl/Projects/odometry_plot_ros2/src/odometry_processing' returned '0': PYTHONPATH=/home/glacier-dssl/Projects/odometry_plot_ros2/build/odometry_processing/prefix_override:/usr/lib/python3/dist-packages/colcon_core/task/python/colcon_distutils_commands:/home/glacier-dssl/Projects/odometry_plot_ros2/install/odometry_processing/lib/python3.10/site-packages:${PYTHONPATH} /usr/bin/python3 -W ignore:setup.py install is deprecated setup.py egg_info --egg-base ../../build/odometry_processing build --build-base /home/glacier-dssl/Projects/odometry_plot_ros2/build/odometry_processing/build install --record /home/glacier-dssl/Projects/odometry_plot_ros2/build/odometry_processing/install.log --single-version-externally-managed install_data
[1.171s] Level 1:colcon.colcon_core.environment:checking '/home/glacier-dssl/Projects/odometry_plot_ros2/install/odometry_processing' for CMake module files
[1.172s] Level 1:colcon.colcon_core.environment:checking '/home/glacier-dssl/Projects/odometry_plot_ros2/install/odometry_processing' for CMake config files
[1.172s] Level 1:colcon.colcon_core.environment:checking '/home/glacier-dssl/Projects/odometry_plot_ros2/install/odometry_processing/lib'
[1.172s] Level 1:colcon.colcon_core.environment:checking '/home/glacier-dssl/Projects/odometry_plot_ros2/install/odometry_processing/bin'
[1.172s] Level 1:colcon.colcon_core.environment:checking '/home/glacier-dssl/Projects/odometry_plot_ros2/install/odometry_processing/lib/pkgconfig/odometry_processing.pc'
[1.173s] Level 1:colcon.colcon_core.environment:checking '/home/glacier-dssl/Projects/odometry_plot_ros2/install/odometry_processing/lib/python3.10/site-packages'
[1.173s] Level 1:colcon.colcon_core.shell:create_environment_hook('odometry_processing', 'pythonpath')
[1.173s] INFO:colcon.colcon_core.shell:Creating environment hook '/home/glacier-dssl/Projects/odometry_plot_ros2/install/odometry_processing/share/odometry_processing/hook/pythonpath.ps1'
[1.173s] INFO:colcon.colcon_core.shell:Creating environment descriptor '/home/glacier-dssl/Projects/odometry_plot_ros2/install/odometry_processing/share/odometry_processing/hook/pythonpath.dsv'
[1.174s] INFO:colcon.colcon_core.shell:Creating environment hook '/home/glacier-dssl/Projects/odometry_plot_ros2/install/odometry_processing/share/odometry_processing/hook/pythonpath.sh'
[1.174s] Level 1:colcon.colcon_core.environment:checking '/home/glacier-dssl/Projects/odometry_plot_ros2/install/odometry_processing/bin'
[1.174s] Level 1:colcon.colcon_core.environment:create_environment_scripts_only(odometry_processing)
[1.175s] INFO:colcon.colcon_core.shell:Creating package script '/home/glacier-dssl/Projects/odometry_plot_ros2/install/odometry_processing/share/odometry_processing/package.ps1'
[1.175s] INFO:colcon.colcon_core.shell:Creating package descriptor '/home/glacier-dssl/Projects/odometry_plot_ros2/install/odometry_processing/share/odometry_processing/package.dsv'
[1.176s] INFO:colcon.colcon_core.shell:Creating package script '/home/glacier-dssl/Projects/odometry_plot_ros2/install/odometry_processing/share/odometry_processing/package.sh'
[1.176s] INFO:colcon.colcon_core.shell:Creating package script '/home/glacier-dssl/Projects/odometry_plot_ros2/install/odometry_processing/share/odometry_processing/package.bash'
[1.177s] INFO:colcon.colcon_core.shell:Creating package script '/home/glacier-dssl/Projects/odometry_plot_ros2/install/odometry_processing/share/odometry_processing/package.zsh'
[1.177s] Level 1:colcon.colcon_core.environment:create_file_with_runtime_dependencies(/home/glacier-dssl/Projects/odometry_plot_ros2/install/odometry_processing/share/colcon-core/packages/odometry_processing)
[1.178s] DEBUG:colcon.colcon_parallel_executor.executor.parallel:closing loop
[1.178s] DEBUG:colcon.colcon_parallel_executor.executor.parallel:loop closed
[1.178s] DEBUG:colcon.colcon_parallel_executor.executor.parallel:run_until_complete finished with '0'
[1.178s] DEBUG:colcon.colcon_core.event_reactor:joining thread
[1.184s] INFO:colcon.colcon_core.plugin_system:Skipping extension 'colcon_notification.desktop_notification.terminal_notifier': Not used on non-Darwin systems
[1.184s] INFO:colcon.colcon_core.plugin_system:Skipping extension 'colcon_notification.desktop_notification.win32': Not used on non-Windows systems
[1.184s] INFO:colcon.colcon_notification.desktop_notification:Sending desktop notification using 'notify2'
[1.195s] DEBUG:colcon.colcon_core.event_reactor:joined thread
[1.195s] INFO:colcon.colcon_core.shell:Creating prefix script '/home/glacier-dssl/Projects/odometry_plot_ros2/install/local_setup.ps1'
[1.196s] INFO:colcon.colcon_core.shell:Creating prefix util module '/home/glacier-dssl/Projects/odometry_plot_ros2/install/_local_setup_util_ps1.py'
[1.197s] INFO:colcon.colcon_core.shell:Creating prefix chain script '/home/glacier-dssl/Projects/odometry_plot_ros2/install/setup.ps1'
[1.198s] INFO:colcon.colcon_core.shell:Creating prefix script '/home/glacier-dssl/Projects/odometry_plot_ros2/install/local_setup.sh'
[1.199s] INFO:colcon.colcon_core.shell:Creating prefix util module '/home/glacier-dssl/Projects/odometry_plot_ros2/install/_local_setup_util_sh.py'
[1.199s] INFO:colcon.colcon_core.shell:Creating prefix chain script '/home/glacier-dssl/Projects/odometry_plot_ros2/install/setup.sh'
[1.200s] INFO:colcon.colcon_core.shell:Creating prefix script '/home/glacier-dssl/Projects/odometry_plot_ros2/install/local_setup.bash'
[1.200s] INFO:colcon.colcon_core.shell:Creating prefix chain script '/home/glacier-dssl/Projects/odometry_plot_ros2/install/setup.bash'
[1.201s] INFO:colcon.colcon_core.shell:Creating prefix script '/home/glacier-dssl/Projects/odometry_plot_ros2/install/local_setup.zsh'
[1.202s] INFO:colcon.colcon_core.shell:Creating prefix chain script '/home/glacier-dssl/Projects/odometry_plot_ros2/install/setup.zsh'
