running egg_info
creating ../../build/odometry_processing/odometry_processing.egg-info
writing ../../build/odometry_processing/odometry_processing.egg-info/PKG-INFO
writing dependency_links to ../../build/odometry_processing/odometry_processing.egg-info/dependency_links.txt
writing entry points to ../../build/odometry_processing/odometry_processing.egg-info/entry_points.txt
writing requirements to ../../build/odometry_processing/odometry_processing.egg-info/requires.txt
writing top-level names to ../../build/odometry_processing/odometry_processing.egg-info/top_level.txt
writing manifest file '../../build/odometry_processing/odometry_processing.egg-info/SOURCES.txt'
reading manifest file '../../build/odometry_processing/odometry_processing.egg-info/SOURCES.txt'
adding license file 'LICENSE'
writing manifest file '../../build/odometry_processing/odometry_processing.egg-info/SOURCES.txt'
running build
running build_py
creating /home/glacier-dssl/Projects/odometry_plot_ros2/build/odometry_processing/build
creating /home/glacier-dssl/Projects/odometry_plot_ros2/build/odometry_processing/build/lib
creating /home/glacier-dssl/Projects/odometry_plot_ros2/build/odometry_processing/build/lib/odometry_processing
copying odometry_processing/__init__.py -> /home/glacier-dssl/Projects/odometry_plot_ros2/build/odometry_processing/build/lib/odometry_processing
copying odometry_processing/odom_plot.py -> /home/glacier-dssl/Projects/odometry_plot_ros2/build/odometry_processing/build/lib/odometry_processing
running install
running install_lib
creating /home/glacier-dssl/Projects/odometry_plot_ros2/install/odometry_processing/lib/python3.10/site-packages/odometry_processing
copying /home/glacier-dssl/Projects/odometry_plot_ros2/build/odometry_processing/build/lib/odometry_processing/__init__.py -> /home/glacier-dssl/Projects/odometry_plot_ros2/install/odometry_processing/lib/python3.10/site-packages/odometry_processing
copying /home/glacier-dssl/Projects/odometry_plot_ros2/build/odometry_processing/build/lib/odometry_processing/odom_plot.py -> /home/glacier-dssl/Projects/odometry_plot_ros2/install/odometry_processing/lib/python3.10/site-packages/odometry_processing
byte-compiling /home/glacier-dssl/Projects/odometry_plot_ros2/install/odometry_processing/lib/python3.10/site-packages/odometry_processing/__init__.py to __init__.cpython-310.pyc
byte-compiling /home/glacier-dssl/Projects/odometry_plot_ros2/install/odometry_processing/lib/python3.10/site-packages/odometry_processing/odom_plot.py to odom_plot.cpython-310.pyc
running install_data
copying launch/odom_plot.launch.py -> /home/glacier-dssl/Projects/odometry_plot_ros2/install/odometry_processing/share/odometry_processing
creating /home/glacier-dssl/Projects/odometry_plot_ros2/install/odometry_processing/share/odometry_processing/data
creating /home/glacier-dssl/Projects/odometry_plot_ros2/install/odometry_processing/share/odometry_processing/data/test_odom
copying data/test_odom/metadata.yaml -> /home/glacier-dssl/Projects/odometry_plot_ros2/install/odometry_processing/share/odometry_processing/data/test_odom
copying data/test_odom/test_odom_0.db3 -> /home/glacier-dssl/Projects/odometry_plot_ros2/install/odometry_processing/share/odometry_processing/data/test_odom
copying data/test_odom/rosbag2_edit_24_11_24-01_18_03_kissodometry.csv -> /home/glacier-dssl/Projects/odometry_plot_ros2/install/odometry_processing/share/odometry_processing/data/test_odom
running install_egg_info
Copying ../../build/odometry_processing/odometry_processing.egg-info to /home/glacier-dssl/Projects/odometry_plot_ros2/install/odometry_processing/lib/python3.10/site-packages/odometry_processing-0.0.0-py3.10.egg-info
running install_scripts
writing list of installed files to '/home/glacier-dssl/Projects/odometry_plot_ros2/build/odometry_processing/install.log'
