[0.108s] DEBUG:colcon:Command line arguments: ['/usr/bin/colcon', 'build']
[0.108s] DEBUG:colcon:Parsed command line arguments: Namespace(log_base=None, log_level=None, verb_name='build', build_base='build', install_base='install', merge_install=False, symlink_install=False, test_result_base=None, continue_on_error=False, executor='parallel', parallel_workers=20, event_handlers=None, ignore_user_meta=False, metas=['./colcon.meta'], base_paths=['.'], packages_ignore=None, packages_ignore_regex=None, paths=None, packages_up_to=None, packages_up_to_regex=None, packages_above=None, packages_above_and_dependencies=None, packages_above_depth=None, packages_select_by_dep=None, packages_skip_by_dep=None, packages_skip_up_to=None, packages_select_build_failed=False, packages_skip_build_finished=False, packages_select_test_failures=False, packages_skip_test_passed=False, packages_select=None, packages_skip=None, packages_select_regex=None, packages_skip_regex=None, packages_start=None, packages_end=None, allow_overriding=[], cmake_args=None, cmake_target=None, cmake_target_skip_unavailable=False, cmake_clean_cache=False, cmake_clean_first=False, cmake_force_configure=False, ament_cmake_args=None, catkin_cmake_args=None, catkin_skip_building_tests=False, mixin_files=None, mixin=None, verb_parser=<colcon_mixin.mixin.mixin_argument.MixinArgumentDecorator object at 0x702bc0860610>, verb_extension=<colcon_core.verb.build.BuildVerb object at 0x702bc0968cd0>, main=<bound method BuildVerb.main of <colcon_core.verb.build.BuildVerb object at 0x702bc0968cd0>>, mixin_verb=('build',))
[0.270s] Level 1:colcon.colcon_core.package_discovery:discover_packages(colcon_meta) check parameters
[0.270s] Level 1:colcon.colcon_core.package_discovery:discover_packages(recursive) check parameters
[0.270s] Level 1:colcon.colcon_core.package_discovery:discover_packages(ignore) check parameters
[0.270s] Level 1:colcon.colcon_core.package_discovery:discover_packages(path) check parameters
[0.270s] Level 1:colcon.colcon_core.package_discovery:discover_packages(colcon_meta) discover
[0.270s] Level 1:colcon.colcon_core.package_discovery:discover_packages(recursive) discover
[0.270s] INFO:colcon.colcon_core.package_discovery:Crawling recursively for packages in '/home/glacier-dssl/Projects/odometry_plot_ros2'
[0.270s] Level 1:colcon.colcon_core.package_identification:_identify(.) by extensions ['ignore', 'ignore_ament_install']
[0.270s] Level 1:colcon.colcon_core.package_identification:_identify(.) by extension 'ignore'
[0.270s] Level 1:colcon.colcon_core.package_identification:_identify(.) by extension 'ignore_ament_install'
[0.270s] Level 1:colcon.colcon_core.package_identification:_identify(.) by extensions ['colcon_pkg']
[0.270s] Level 1:colcon.colcon_core.package_identification:_identify(.) by extension 'colcon_pkg'
[0.271s] Level 1:colcon.colcon_core.package_identification:_identify(.) by extensions ['colcon_meta']
[0.271s] Level 1:colcon.colcon_core.package_identification:_identify(.) by extension 'colcon_meta'
[0.271s] Level 1:colcon.colcon_core.package_identification:_identify(.) by extensions ['ros']
[0.271s] Level 1:colcon.colcon_core.package_identification:_identify(.) by extension 'ros'
[0.281s] Level 1:colcon.colcon_core.package_identification:_identify(.) by extensions ['cmake', 'python']
[0.281s] Level 1:colcon.colcon_core.package_identification:_identify(.) by extension 'cmake'
[0.281s] Level 1:colcon.colcon_core.package_identification:_identify(.) by extension 'python'
[0.281s] Level 1:colcon.colcon_core.package_identification:_identify(.) by extensions ['python_setup_py']
[0.281s] Level 1:colcon.colcon_core.package_identification:_identify(.) by extension 'python_setup_py'
[0.281s] Level 1:colcon.colcon_core.package_identification:_identify(build) by extensions ['ignore', 'ignore_ament_install']
[0.281s] Level 1:colcon.colcon_core.package_identification:_identify(build) by extension 'ignore'
[0.281s] Level 1:colcon.colcon_core.package_identification:_identify(build) ignored
[0.281s] Level 1:colcon.colcon_core.package_identification:_identify(install) by extensions ['ignore', 'ignore_ament_install']
[0.281s] Level 1:colcon.colcon_core.package_identification:_identify(install) by extension 'ignore'
[0.282s] Level 1:colcon.colcon_core.package_identification:_identify(install) ignored
[0.282s] Level 1:colcon.colcon_core.package_identification:_identify(log) by extensions ['ignore', 'ignore_ament_install']
[0.282s] Level 1:colcon.colcon_core.package_identification:_identify(log) by extension 'ignore'
[0.282s] Level 1:colcon.colcon_core.package_identification:_identify(log) ignored
[0.282s] Level 1:colcon.colcon_core.package_identification:_identify(src) by extensions ['ignore', 'ignore_ament_install']
[0.282s] Level 1:colcon.colcon_core.package_identification:_identify(src) by extension 'ignore'
[0.282s] Level 1:colcon.colcon_core.package_identification:_identify(src) by extension 'ignore_ament_install'
[0.282s] Level 1:colcon.colcon_core.package_identification:_identify(src) by extensions ['colcon_pkg']
[0.282s] Level 1:colcon.colcon_core.package_identification:_identify(src) by extension 'colcon_pkg'
[0.282s] Level 1:colcon.colcon_core.package_identification:_identify(src) by extensions ['colcon_meta']
[0.282s] Level 1:colcon.colcon_core.package_identification:_identify(src) by extension 'colcon_meta'
[0.282s] Level 1:colcon.colcon_core.package_identification:_identify(src) by extensions ['ros']
[0.282s] Level 1:colcon.colcon_core.package_identification:_identify(src) by extension 'ros'
[0.282s] Level 1:colcon.colcon_core.package_identification:_identify(src) by extensions ['cmake', 'python']
[0.282s] Level 1:colcon.colcon_core.package_identification:_identify(src) by extension 'cmake'
[0.282s] Level 1:colcon.colcon_core.package_identification:_identify(src) by extension 'python'
[0.282s] Level 1:colcon.colcon_core.package_identification:_identify(src) by extensions ['python_setup_py']
[0.282s] Level 1:colcon.colcon_core.package_identification:_identify(src) by extension 'python_setup_py'
[0.283s] Level 1:colcon.colcon_core.package_identification:_identify(src/odometry_processing) by extensions ['ignore', 'ignore_ament_install']
[0.283s] Level 1:colcon.colcon_core.package_identification:_identify(src/odometry_processing) by extension 'ignore'
[0.283s] Level 1:colcon.colcon_core.package_identification:_identify(src/odometry_processing) by extension 'ignore_ament_install'
[0.283s] Level 1:colcon.colcon_core.package_identification:_identify(src/odometry_processing) by extensions ['colcon_pkg']
[0.283s] Level 1:colcon.colcon_core.package_identification:_identify(src/odometry_processing) by extension 'colcon_pkg'
[0.283s] Level 1:colcon.colcon_core.package_identification:_identify(src/odometry_processing) by extensions ['colcon_meta']
[0.283s] Level 1:colcon.colcon_core.package_identification:_identify(src/odometry_processing) by extension 'colcon_meta'
[0.283s] Level 1:colcon.colcon_core.package_identification:_identify(src/odometry_processing) by extensions ['ros']
[0.283s] Level 1:colcon.colcon_core.package_identification:_identify(src/odometry_processing) by extension 'ros'
[0.285s] DEBUG:colcon.colcon_core.package_identification:Package 'src/odometry_processing' with type 'ros.ament_python' and name 'odometry_processing'
[0.286s] Level 1:colcon.colcon_core.package_identification:_identify(src/record_data) by extensions ['ignore', 'ignore_ament_install']
[0.286s] Level 1:colcon.colcon_core.package_identification:_identify(src/record_data) by extension 'ignore'
[0.286s] Level 1:colcon.colcon_core.package_identification:_identify(src/record_data) by extension 'ignore_ament_install'
[0.286s] Level 1:colcon.colcon_core.package_identification:_identify(src/record_data) by extensions ['colcon_pkg']
[0.286s] Level 1:colcon.colcon_core.package_identification:_identify(src/record_data) by extension 'colcon_pkg'
[0.286s] Level 1:colcon.colcon_core.package_identification:_identify(src/record_data) by extensions ['colcon_meta']
[0.286s] Level 1:colcon.colcon_core.package_identification:_identify(src/record_data) by extension 'colcon_meta'
[0.286s] Level 1:colcon.colcon_core.package_identification:_identify(src/record_data) by extensions ['ros']
[0.286s] Level 1:colcon.colcon_core.package_identification:_identify(src/record_data) by extension 'ros'
[0.286s] DEBUG:colcon.colcon_core.package_identification:Package 'src/record_data' with type 'ros.ament_python' and name 'record_data'
[0.286s] Level 1:colcon.colcon_core.package_discovery:discover_packages(recursive) using defaults
[0.286s] Level 1:colcon.colcon_core.package_discovery:discover_packages(ignore) discover
[0.286s] Level 1:colcon.colcon_core.package_discovery:discover_packages(ignore) using defaults
[0.286s] Level 1:colcon.colcon_core.package_discovery:discover_packages(path) discover
[0.287s] Level 1:colcon.colcon_core.package_discovery:discover_packages(path) using defaults
[0.321s] Level 1:colcon.colcon_core.package_discovery:discover_packages(prefix_path) check parameters
[0.321s] Level 1:colcon.colcon_core.package_discovery:discover_packages(prefix_path) discover
[0.323s] DEBUG:colcon.colcon_installed_package_information.package_discovery:Found 2 installed packages in /home/glacier-dssl/Projects/odometry_plot_ros2/install
[0.324s] DEBUG:colcon.colcon_installed_package_information.package_discovery:Found 11 installed packages in /home/glacier-dssl/Projects/lunar_MOAM/install
[0.326s] DEBUG:colcon.colcon_installed_package_information.package_discovery:Found 403 installed packages in /opt/ros/humble
[0.328s] Level 1:colcon.colcon_core.package_discovery:discover_packages(prefix_path) using defaults
[0.373s] Level 5:colcon.colcon_core.verb:set package 'odometry_processing' build argument 'cmake_args' from command line to 'None'
[0.373s] Level 5:colcon.colcon_core.verb:set package 'odometry_processing' build argument 'cmake_target' from command line to 'None'
[0.373s] Level 5:colcon.colcon_core.verb:set package 'odometry_processing' build argument 'cmake_target_skip_unavailable' from command line to 'False'
[0.373s] Level 5:colcon.colcon_core.verb:set package 'odometry_processing' build argument 'cmake_clean_cache' from command line to 'False'
[0.373s] Level 5:colcon.colcon_core.verb:set package 'odometry_processing' build argument 'cmake_clean_first' from command line to 'False'
[0.373s] Level 5:colcon.colcon_core.verb:set package 'odometry_processing' build argument 'cmake_force_configure' from command line to 'False'
[0.373s] Level 5:colcon.colcon_core.verb:set package 'odometry_processing' build argument 'ament_cmake_args' from command line to 'None'
[0.373s] Level 5:colcon.colcon_core.verb:set package 'odometry_processing' build argument 'catkin_cmake_args' from command line to 'None'
[0.373s] Level 5:colcon.colcon_core.verb:set package 'odometry_processing' build argument 'catkin_skip_building_tests' from command line to 'False'
[0.373s] DEBUG:colcon.colcon_core.verb:Building package 'odometry_processing' with the following arguments: {'ament_cmake_args': None, 'build_base': '/home/glacier-dssl/Projects/odometry_plot_ros2/build/odometry_processing', 'catkin_cmake_args': None, 'catkin_skip_building_tests': False, 'cmake_args': None, 'cmake_clean_cache': False, 'cmake_clean_first': False, 'cmake_force_configure': False, 'cmake_target': None, 'cmake_target_skip_unavailable': False, 'install_base': '/home/glacier-dssl/Projects/odometry_plot_ros2/install/odometry_processing', 'merge_install': False, 'path': '/home/glacier-dssl/Projects/odometry_plot_ros2/src/odometry_processing', 'symlink_install': False, 'test_result_base': None}
[0.373s] Level 5:colcon.colcon_core.verb:set package 'record_data' build argument 'cmake_args' from command line to 'None'
[0.373s] Level 5:colcon.colcon_core.verb:set package 'record_data' build argument 'cmake_target' from command line to 'None'
[0.374s] Level 5:colcon.colcon_core.verb:set package 'record_data' build argument 'cmake_target_skip_unavailable' from command line to 'False'
[0.374s] Level 5:colcon.colcon_core.verb:set package 'record_data' build argument 'cmake_clean_cache' from command line to 'False'
[0.374s] Level 5:colcon.colcon_core.verb:set package 'record_data' build argument 'cmake_clean_first' from command line to 'False'
[0.374s] Level 5:colcon.colcon_core.verb:set package 'record_data' build argument 'cmake_force_configure' from command line to 'False'
[0.374s] Level 5:colcon.colcon_core.verb:set package 'record_data' build argument 'ament_cmake_args' from command line to 'None'
[0.374s] Level 5:colcon.colcon_core.verb:set package 'record_data' build argument 'catkin_cmake_args' from command line to 'None'
[0.374s] Level 5:colcon.colcon_core.verb:set package 'record_data' build argument 'catkin_skip_building_tests' from command line to 'False'
[0.374s] DEBUG:colcon.colcon_core.verb:Building package 'record_data' with the following arguments: {'ament_cmake_args': None, 'build_base': '/home/glacier-dssl/Projects/odometry_plot_ros2/build/record_data', 'catkin_cmake_args': None, 'catkin_skip_building_tests': False, 'cmake_args': None, 'cmake_clean_cache': False, 'cmake_clean_first': False, 'cmake_force_configure': False, 'cmake_target': None, 'cmake_target_skip_unavailable': False, 'install_base': '/home/glacier-dssl/Projects/odometry_plot_ros2/install/record_data', 'merge_install': False, 'path': '/home/glacier-dssl/Projects/odometry_plot_ros2/src/record_data', 'symlink_install': False, 'test_result_base': None}
[0.374s] INFO:colcon.colcon_core.executor:Executing jobs using 'parallel' executor
[0.375s] DEBUG:colcon.colcon_parallel_executor.executor.parallel:run_until_complete
[0.375s] INFO:colcon.colcon_ros.task.ament_python.build:Building ROS package in '/home/glacier-dssl/Projects/odometry_plot_ros2/src/odometry_processing' with build type 'ament_python'
[0.376s] Level 1:colcon.colcon_core.shell:create_environment_hook('odometry_processing', 'ament_prefix_path')
[0.377s] INFO:colcon.colcon_core.plugin_system:Skipping extension 'colcon_core.shell.bat': Not used on non-Windows systems
[0.377s] INFO:colcon.colcon_core.shell:Creating environment hook '/home/glacier-dssl/Projects/odometry_plot_ros2/install/odometry_processing/share/odometry_processing/hook/ament_prefix_path.ps1'
[0.378s] INFO:colcon.colcon_core.shell:Creating environment descriptor '/home/glacier-dssl/Projects/odometry_plot_ros2/install/odometry_processing/share/odometry_processing/hook/ament_prefix_path.dsv'
[0.378s] INFO:colcon.colcon_core.shell:Creating environment hook '/home/glacier-dssl/Projects/odometry_plot_ros2/install/odometry_processing/share/odometry_processing/hook/ament_prefix_path.sh'
[0.379s] INFO:colcon.colcon_core.shell:Skip shell extension 'powershell' for command environment: Not usable outside of PowerShell
[0.379s] DEBUG:colcon.colcon_core.shell:Skip shell extension 'dsv' for command environment
[0.384s] INFO:colcon.colcon_ros.task.ament_python.build:Building ROS package in '/home/glacier-dssl/Projects/odometry_plot_ros2/src/record_data' with build type 'ament_python'
[0.384s] Level 1:colcon.colcon_core.shell:create_environment_hook('record_data', 'ament_prefix_path')
[0.384s] INFO:colcon.colcon_core.shell:Creating environment hook '/home/glacier-dssl/Projects/odometry_plot_ros2/install/record_data/share/record_data/hook/ament_prefix_path.ps1'
[0.385s] INFO:colcon.colcon_core.shell:Creating environment descriptor '/home/glacier-dssl/Projects/odometry_plot_ros2/install/record_data/share/record_data/hook/ament_prefix_path.dsv'
[0.385s] INFO:colcon.colcon_core.shell:Creating environment hook '/home/glacier-dssl/Projects/odometry_plot_ros2/install/record_data/share/record_data/hook/ament_prefix_path.sh'
[0.385s] INFO:colcon.colcon_core.shell:Skip shell extension 'powershell' for command environment: Not usable outside of PowerShell
[0.386s] DEBUG:colcon.colcon_core.shell:Skip shell extension 'dsv' for command environment
[0.655s] INFO:colcon.colcon_core.task.python.build:Building Python package in '/home/glacier-dssl/Projects/odometry_plot_ros2/src/odometry_processing'
[0.656s] INFO:colcon.colcon_core.shell:Skip shell extension 'powershell' for command environment: Not usable outside of PowerShell
[0.656s] DEBUG:colcon.colcon_core.shell:Skip shell extension 'dsv' for command environment
[0.929s] INFO:colcon.colcon_core.task.python.build:Building Python package in '/home/glacier-dssl/Projects/odometry_plot_ros2/src/record_data'
[0.929s] INFO:colcon.colcon_core.shell:Skip shell extension 'powershell' for command environment: Not usable outside of PowerShell
[0.929s] DEBUG:colcon.colcon_core.shell:Skip shell extension 'dsv' for command environment
[1.292s] DEBUG:colcon.colcon_core.event_handler.log_command:Invoking command in '/home/glacier-dssl/Projects/odometry_plot_ros2/src/odometry_processing': PYTHONPATH=/home/glacier-dssl/Projects/odometry_plot_ros2/build/odometry_processing/prefix_override:/usr/lib/python3/dist-packages/colcon_core/task/python/colcon_distutils_commands:/home/glacier-dssl/Projects/odometry_plot_ros2/install/odometry_processing/lib/python3.10/site-packages:${PYTHONPATH} /usr/bin/python3 -W ignore:setup.py install is deprecated setup.py egg_info --egg-base ../../build/odometry_processing build --build-base /home/glacier-dssl/Projects/odometry_plot_ros2/build/odometry_processing/build install --record /home/glacier-dssl/Projects/odometry_plot_ros2/build/odometry_processing/install.log --single-version-externally-managed install_data
[1.298s] DEBUG:colcon.colcon_core.event_handler.log_command:Invoking command in '/home/glacier-dssl/Projects/odometry_plot_ros2/src/record_data': PYTHONPATH=/home/glacier-dssl/Projects/odometry_plot_ros2/build/record_data/prefix_override:/usr/lib/python3/dist-packages/colcon_core/task/python/colcon_distutils_commands:/home/glacier-dssl/Projects/odometry_plot_ros2/install/record_data/lib/python3.10/site-packages:${PYTHONPATH} /usr/bin/python3 -W ignore:setup.py install is deprecated setup.py egg_info --egg-base ../../build/record_data build --build-base /home/glacier-dssl/Projects/odometry_plot_ros2/build/record_data/build install --record /home/glacier-dssl/Projects/odometry_plot_ros2/build/record_data/install.log --single-version-externally-managed install_data
[1.592s] DEBUG:colcon.colcon_core.event_handler.log_command:Invoked command in '/home/glacier-dssl/Projects/odometry_plot_ros2/src/record_data' returned '0': PYTHONPATH=/home/glacier-dssl/Projects/odometry_plot_ros2/build/record_data/prefix_override:/usr/lib/python3/dist-packages/colcon_core/task/python/colcon_distutils_commands:/home/glacier-dssl/Projects/odometry_plot_ros2/install/record_data/lib/python3.10/site-packages:${PYTHONPATH} /usr/bin/python3 -W ignore:setup.py install is deprecated setup.py egg_info --egg-base ../../build/record_data build --build-base /home/glacier-dssl/Projects/odometry_plot_ros2/build/record_data/build install --record /home/glacier-dssl/Projects/odometry_plot_ros2/build/record_data/install.log --single-version-externally-managed install_data
[1.594s] Level 1:colcon.colcon_core.environment:checking '/home/glacier-dssl/Projects/odometry_plot_ros2/install/record_data' for CMake module files
[1.594s] Level 1:colcon.colcon_core.environment:checking '/home/glacier-dssl/Projects/odometry_plot_ros2/install/record_data' for CMake config files
[1.595s] Level 1:colcon.colcon_core.environment:checking '/home/glacier-dssl/Projects/odometry_plot_ros2/install/record_data/lib'
[1.595s] Level 1:colcon.colcon_core.environment:checking '/home/glacier-dssl/Projects/odometry_plot_ros2/install/record_data/bin'
[1.595s] Level 1:colcon.colcon_core.environment:checking '/home/glacier-dssl/Projects/odometry_plot_ros2/install/record_data/lib/pkgconfig/record_data.pc'
[1.596s] Level 1:colcon.colcon_core.environment:checking '/home/glacier-dssl/Projects/odometry_plot_ros2/install/record_data/lib/python3.10/site-packages'
[1.596s] Level 1:colcon.colcon_core.shell:create_environment_hook('record_data', 'pythonpath')
[1.596s] INFO:colcon.colcon_core.shell:Creating environment hook '/home/glacier-dssl/Projects/odometry_plot_ros2/install/record_data/share/record_data/hook/pythonpath.ps1'
[1.596s] INFO:colcon.colcon_core.shell:Creating environment descriptor '/home/glacier-dssl/Projects/odometry_plot_ros2/install/record_data/share/record_data/hook/pythonpath.dsv'
[1.597s] INFO:colcon.colcon_core.shell:Creating environment hook '/home/glacier-dssl/Projects/odometry_plot_ros2/install/record_data/share/record_data/hook/pythonpath.sh'
[1.597s] Level 1:colcon.colcon_core.environment:checking '/home/glacier-dssl/Projects/odometry_plot_ros2/install/record_data/bin'
[1.597s] Level 1:colcon.colcon_core.environment:create_environment_scripts_only(record_data)
[1.598s] INFO:colcon.colcon_core.shell:Creating package script '/home/glacier-dssl/Projects/odometry_plot_ros2/install/record_data/share/record_data/package.ps1'
[1.598s] INFO:colcon.colcon_core.shell:Creating package descriptor '/home/glacier-dssl/Projects/odometry_plot_ros2/install/record_data/share/record_data/package.dsv'
[1.599s] INFO:colcon.colcon_core.shell:Creating package script '/home/glacier-dssl/Projects/odometry_plot_ros2/install/record_data/share/record_data/package.sh'
[1.600s] INFO:colcon.colcon_core.shell:Creating package script '/home/glacier-dssl/Projects/odometry_plot_ros2/install/record_data/share/record_data/package.bash'
[1.600s] INFO:colcon.colcon_core.shell:Creating package script '/home/glacier-dssl/Projects/odometry_plot_ros2/install/record_data/share/record_data/package.zsh'
[1.601s] Level 1:colcon.colcon_core.environment:create_file_with_runtime_dependencies(/home/glacier-dssl/Projects/odometry_plot_ros2/install/record_data/share/colcon-core/packages/record_data)
[1.602s] Level 1:colcon.colcon_core.environment:checking '/home/glacier-dssl/Projects/odometry_plot_ros2/install/odometry_processing' for CMake module files
[1.603s] DEBUG:colcon.colcon_core.event_handler.log_command:Invoked command in '/home/glacier-dssl/Projects/odometry_plot_ros2/src/odometry_processing' returned '0': PYTHONPATH=/home/glacier-dssl/Projects/odometry_plot_ros2/build/odometry_processing/prefix_override:/usr/lib/python3/dist-packages/colcon_core/task/python/colcon_distutils_commands:/home/glacier-dssl/Projects/odometry_plot_ros2/install/odometry_processing/lib/python3.10/site-packages:${PYTHONPATH} /usr/bin/python3 -W ignore:setup.py install is deprecated setup.py egg_info --egg-base ../../build/odometry_processing build --build-base /home/glacier-dssl/Projects/odometry_plot_ros2/build/odometry_processing/build install --record /home/glacier-dssl/Projects/odometry_plot_ros2/build/odometry_processing/install.log --single-version-externally-managed install_data
[1.603s] Level 1:colcon.colcon_core.environment:checking '/home/glacier-dssl/Projects/odometry_plot_ros2/install/odometry_processing' for CMake config files
[1.604s] Level 1:colcon.colcon_core.environment:checking '/home/glacier-dssl/Projects/odometry_plot_ros2/install/odometry_processing/lib'
[1.604s] Level 1:colcon.colcon_core.environment:checking '/home/glacier-dssl/Projects/odometry_plot_ros2/install/odometry_processing/bin'
[1.604s] Level 1:colcon.colcon_core.environment:checking '/home/glacier-dssl/Projects/odometry_plot_ros2/install/odometry_processing/lib/pkgconfig/odometry_processing.pc'
[1.604s] Level 1:colcon.colcon_core.environment:checking '/home/glacier-dssl/Projects/odometry_plot_ros2/install/odometry_processing/lib/python3.10/site-packages'
[1.604s] Level 1:colcon.colcon_core.shell:create_environment_hook('odometry_processing', 'pythonpath')
[1.604s] INFO:colcon.colcon_core.shell:Creating environment hook '/home/glacier-dssl/Projects/odometry_plot_ros2/install/odometry_processing/share/odometry_processing/hook/pythonpath.ps1'
[1.605s] INFO:colcon.colcon_core.shell:Creating environment descriptor '/home/glacier-dssl/Projects/odometry_plot_ros2/install/odometry_processing/share/odometry_processing/hook/pythonpath.dsv'
[1.605s] INFO:colcon.colcon_core.shell:Creating environment hook '/home/glacier-dssl/Projects/odometry_plot_ros2/install/odometry_processing/share/odometry_processing/hook/pythonpath.sh'
[1.606s] Level 1:colcon.colcon_core.environment:checking '/home/glacier-dssl/Projects/odometry_plot_ros2/install/odometry_processing/bin'
[1.606s] Level 1:colcon.colcon_core.environment:create_environment_scripts_only(odometry_processing)
[1.606s] INFO:colcon.colcon_core.shell:Creating package script '/home/glacier-dssl/Projects/odometry_plot_ros2/install/odometry_processing/share/odometry_processing/package.ps1'
[1.606s] INFO:colcon.colcon_core.shell:Creating package descriptor '/home/glacier-dssl/Projects/odometry_plot_ros2/install/odometry_processing/share/odometry_processing/package.dsv'
[1.607s] INFO:colcon.colcon_core.shell:Creating package script '/home/glacier-dssl/Projects/odometry_plot_ros2/install/odometry_processing/share/odometry_processing/package.sh'
[1.607s] INFO:colcon.colcon_core.shell:Creating package script '/home/glacier-dssl/Projects/odometry_plot_ros2/install/odometry_processing/share/odometry_processing/package.bash'
[1.608s] INFO:colcon.colcon_core.shell:Creating package script '/home/glacier-dssl/Projects/odometry_plot_ros2/install/odometry_processing/share/odometry_processing/package.zsh'
[1.608s] Level 1:colcon.colcon_core.environment:create_file_with_runtime_dependencies(/home/glacier-dssl/Projects/odometry_plot_ros2/install/odometry_processing/share/colcon-core/packages/odometry_processing)
[1.608s] DEBUG:colcon.colcon_parallel_executor.executor.parallel:closing loop
[1.609s] DEBUG:colcon.colcon_parallel_executor.executor.parallel:loop closed
[1.609s] DEBUG:colcon.colcon_parallel_executor.executor.parallel:run_until_complete finished with '0'
[1.609s] DEBUG:colcon.colcon_core.event_reactor:joining thread
[1.614s] INFO:colcon.colcon_core.plugin_system:Skipping extension 'colcon_notification.desktop_notification.terminal_notifier': Not used on non-Darwin systems
[1.614s] INFO:colcon.colcon_core.plugin_system:Skipping extension 'colcon_notification.desktop_notification.win32': Not used on non-Windows systems
[1.615s] INFO:colcon.colcon_notification.desktop_notification:Sending desktop notification using 'notify2'
[1.629s] DEBUG:colcon.colcon_core.event_reactor:joined thread
[1.629s] INFO:colcon.colcon_core.shell:Creating prefix script '/home/glacier-dssl/Projects/odometry_plot_ros2/install/local_setup.ps1'
[1.630s] INFO:colcon.colcon_core.shell:Creating prefix util module '/home/glacier-dssl/Projects/odometry_plot_ros2/install/_local_setup_util_ps1.py'
[1.631s] INFO:colcon.colcon_core.shell:Creating prefix chain script '/home/glacier-dssl/Projects/odometry_plot_ros2/install/setup.ps1'
[1.633s] INFO:colcon.colcon_core.shell:Creating prefix script '/home/glacier-dssl/Projects/odometry_plot_ros2/install/local_setup.sh'
[1.633s] INFO:colcon.colcon_core.shell:Creating prefix util module '/home/glacier-dssl/Projects/odometry_plot_ros2/install/_local_setup_util_sh.py'
[1.633s] INFO:colcon.colcon_core.shell:Creating prefix chain script '/home/glacier-dssl/Projects/odometry_plot_ros2/install/setup.sh'
[1.635s] INFO:colcon.colcon_core.shell:Creating prefix script '/home/glacier-dssl/Projects/odometry_plot_ros2/install/local_setup.bash'
[1.635s] INFO:colcon.colcon_core.shell:Creating prefix chain script '/home/glacier-dssl/Projects/odometry_plot_ros2/install/setup.bash'
[1.636s] INFO:colcon.colcon_core.shell:Creating prefix script '/home/glacier-dssl/Projects/odometry_plot_ros2/install/local_setup.zsh'
[1.637s] INFO:colcon.colcon_core.shell:Creating prefix chain script '/home/glacier-dssl/Projects/odometry_plot_ros2/install/setup.zsh'
