[0.845s] Invoking command in '/home/glacier-dssl/Projects/odometry_plot_ros2/src/record_data': PYTHONPATH=/home/glacier-dssl/Projects/odometry_plot_ros2/build/record_data/prefix_override:/usr/lib/python3/dist-packages/colcon_core/task/python/colcon_distutils_commands:/home/glacier-dssl/Projects/odometry_plot_ros2/install/record_data/lib/python3.10/site-packages:${PYTHONPATH} /usr/bin/python3 -W ignore:setup.py install is deprecated setup.py egg_info --egg-base ../../build/record_data build --build-base /home/glacier-dssl/Projects/odometry_plot_ros2/build/record_data/build install --record /home/glacier-dssl/Projects/odometry_plot_ros2/build/record_data/install.log --single-version-externally-managed install_data
[1.088s] running egg_info
[1.089s] writing ../../build/record_data/record_data.egg-info/PKG-INFO
[1.089s] writing dependency_links to ../../build/record_data/record_data.egg-info/dependency_links.txt
[1.090s] writing entry points to ../../build/record_data/record_data.egg-info/entry_points.txt
[1.090s] writing requirements to ../../build/record_data/record_data.egg-info/requires.txt
[1.090s] writing top-level names to ../../build/record_data/record_data.egg-info/top_level.txt
[1.092s] reading manifest file '../../build/record_data/record_data.egg-info/SOURCES.txt'
[1.092s] adding license file 'LICENSE'
[1.093s] writing manifest file '../../build/record_data/record_data.egg-info/SOURCES.txt'
[1.093s] running build
[1.093s] running build_py
[1.093s] copying record_data/gazebo_get_pub.py -> /home/glacier-dssl/Projects/odometry_plot_ros2/build/record_data/build/lib/record_data
[1.093s] running install
[1.093s] running install_lib
[1.094s] copying /home/glacier-dssl/Projects/odometry_plot_ros2/build/record_data/build/lib/record_data/gazebo_get_pub.py -> /home/glacier-dssl/Projects/odometry_plot_ros2/install/record_data/lib/python3.10/site-packages/record_data
[1.094s] byte-compiling /home/glacier-dssl/Projects/odometry_plot_ros2/install/record_data/lib/python3.10/site-packages/record_data/gazebo_get_pub.py to gazebo_get_pub.cpython-310.pyc
[1.095s] running install_data
[1.095s] running install_egg_info
[1.097s] removing '/home/glacier-dssl/Projects/odometry_plot_ros2/install/record_data/lib/python3.10/site-packages/record_data-0.0.0-py3.10.egg-info' (and everything under it)
[1.097s] Copying ../../build/record_data/record_data.egg-info to /home/glacier-dssl/Projects/odometry_plot_ros2/install/record_data/lib/python3.10/site-packages/record_data-0.0.0-py3.10.egg-info
[1.098s] running install_scripts
[1.118s] Installing gazebo_get_pub script to /home/glacier-dssl/Projects/odometry_plot_ros2/install/record_data/lib/record_data
[1.118s] writing list of installed files to '/home/glacier-dssl/Projects/odometry_plot_ros2/build/record_data/install.log'
[1.151s] Invoked command in '/home/glacier-dssl/Projects/odometry_plot_ros2/src/record_data' returned '0': PYTHONPATH=/home/glacier-dssl/Projects/odometry_plot_ros2/build/record_data/prefix_override:/usr/lib/python3/dist-packages/colcon_core/task/python/colcon_distutils_commands:/home/glacier-dssl/Projects/odometry_plot_ros2/install/record_data/lib/python3.10/site-packages:${PYTHONPATH} /usr/bin/python3 -W ignore:setup.py install is deprecated setup.py egg_info --egg-base ../../build/record_data build --build-base /home/glacier-dssl/Projects/odometry_plot_ros2/build/record_data/build install --record /home/glacier-dssl/Projects/odometry_plot_ros2/build/record_data/install.log --single-version-externally-managed install_data
