[0.447s] DEBUG:colcon:Command line arguments: ['/usr/bin/colcon', 'build']
[0.447s] DEBUG:colcon:Parsed command line arguments: Namespace(log_base=None, log_level=None, verb_name='build', build_base='build', install_base='install', merge_install=False, symlink_install=False, test_result_base=None, continue_on_error=False, executor='parallel', parallel_workers=20, event_handlers=None, ignore_user_meta=False, metas=['./colcon.meta'], base_paths=['.'], packages_ignore=None, packages_ignore_regex=None, paths=None, packages_up_to=None, packages_up_to_regex=None, packages_above=None, packages_above_and_dependencies=None, packages_above_depth=None, packages_select_by_dep=None, packages_skip_by_dep=None, packages_skip_up_to=None, packages_select_build_failed=False, packages_skip_build_finished=False, packages_select_test_failures=False, packages_skip_test_passed=False, packages_select=None, packages_skip=None, packages_select_regex=None, packages_skip_regex=None, packages_start=None, packages_end=None, allow_overriding=[], cmake_args=None, cmake_target=None, cmake_target_skip_unavailable=False, cmake_clean_cache=False, cmake_clean_first=False, cmake_force_configure=False, ament_cmake_args=None, catkin_cmake_args=None, catkin_skip_building_tests=False, mixin_files=None, mixin=None, verb_parser=<colcon_mixin.mixin.mixin_argument.MixinArgumentDecorator object at 0x793849953970>, verb_extension=<colcon_core.verb.build.BuildVerb object at 0x793849abfd60>, main=<bound method BuildVerb.main of <colcon_core.verb.build.BuildVerb object at 0x793849abfd60>>, mixin_verb=('build',))
[3.608s] Level 1:colcon.colcon_core.package_discovery:discover_packages(colcon_meta) check parameters
[3.608s] Level 1:colcon.colcon_core.package_discovery:discover_packages(recursive) check parameters
[3.608s] Level 1:colcon.colcon_core.package_discovery:discover_packages(ignore) check parameters
[3.608s] Level 1:colcon.colcon_core.package_discovery:discover_packages(path) check parameters
[3.608s] Level 1:colcon.colcon_core.package_discovery:discover_packages(colcon_meta) discover
[3.608s] Level 1:colcon.colcon_core.package_discovery:discover_packages(recursive) discover
[3.608s] INFO:colcon.colcon_core.package_discovery:Crawling recursively for packages in '/home/glacier-dssl/Projects/odometry_plot_ros2'
[3.609s] Level 1:colcon.colcon_core.package_identification:_identify(.) by extensions ['ignore', 'ignore_ament_install']
[3.609s] Level 1:colcon.colcon_core.package_identification:_identify(.) by extension 'ignore'
[3.609s] Level 1:colcon.colcon_core.package_identification:_identify(.) by extension 'ignore_ament_install'
[3.609s] Level 1:colcon.colcon_core.package_identification:_identify(.) by extensions ['colcon_pkg']
[3.609s] Level 1:colcon.colcon_core.package_identification:_identify(.) by extension 'colcon_pkg'
[3.609s] Level 1:colcon.colcon_core.package_identification:_identify(.) by extensions ['colcon_meta']
[3.609s] Level 1:colcon.colcon_core.package_identification:_identify(.) by extension 'colcon_meta'
[3.609s] Level 1:colcon.colcon_core.package_identification:_identify(.) by extensions ['ros']
[3.609s] Level 1:colcon.colcon_core.package_identification:_identify(.) by extension 'ros'
[3.621s] Level 1:colcon.colcon_core.package_identification:_identify(.) by extensions ['cmake', 'python']
[3.621s] Level 1:colcon.colcon_core.package_identification:_identify(.) by extension 'cmake'
[3.621s] Level 1:colcon.colcon_core.package_identification:_identify(.) by extension 'python'
[3.621s] Level 1:colcon.colcon_core.package_identification:_identify(.) by extensions ['python_setup_py']
[3.621s] Level 1:colcon.colcon_core.package_identification:_identify(.) by extension 'python_setup_py'
[3.622s] Level 1:colcon.colcon_core.package_identification:_identify(build) by extensions ['ignore', 'ignore_ament_install']
[3.622s] Level 1:colcon.colcon_core.package_identification:_identify(build) by extension 'ignore'
[3.622s] Level 1:colcon.colcon_core.package_identification:_identify(build) ignored
[3.622s] Level 1:colcon.colcon_core.package_identification:_identify(install) by extensions ['ignore', 'ignore_ament_install']
[3.622s] Level 1:colcon.colcon_core.package_identification:_identify(install) by extension 'ignore'
[3.622s] Level 1:colcon.colcon_core.package_identification:_identify(install) ignored
[3.622s] Level 1:colcon.colcon_core.package_identification:_identify(log) by extensions ['ignore', 'ignore_ament_install']
[3.622s] Level 1:colcon.colcon_core.package_identification:_identify(log) by extension 'ignore'
[3.622s] Level 1:colcon.colcon_core.package_identification:_identify(log) ignored
[3.622s] Level 1:colcon.colcon_core.package_identification:_identify(src) by extensions ['ignore', 'ignore_ament_install']
[3.622s] Level 1:colcon.colcon_core.package_identification:_identify(src) by extension 'ignore'
[3.622s] Level 1:colcon.colcon_core.package_identification:_identify(src) by extension 'ignore_ament_install'
[3.622s] Level 1:colcon.colcon_core.package_identification:_identify(src) by extensions ['colcon_pkg']
[3.622s] Level 1:colcon.colcon_core.package_identification:_identify(src) by extension 'colcon_pkg'
[3.622s] Level 1:colcon.colcon_core.package_identification:_identify(src) by extensions ['colcon_meta']
[3.622s] Level 1:colcon.colcon_core.package_identification:_identify(src) by extension 'colcon_meta'
[3.622s] Level 1:colcon.colcon_core.package_identification:_identify(src) by extensions ['ros']
[3.622s] Level 1:colcon.colcon_core.package_identification:_identify(src) by extension 'ros'
[3.622s] Level 1:colcon.colcon_core.package_identification:_identify(src) by extensions ['cmake', 'python']
[3.622s] Level 1:colcon.colcon_core.package_identification:_identify(src) by extension 'cmake'
[3.622s] Level 1:colcon.colcon_core.package_identification:_identify(src) by extension 'python'
[3.622s] Level 1:colcon.colcon_core.package_identification:_identify(src) by extensions ['python_setup_py']
[3.623s] Level 1:colcon.colcon_core.package_identification:_identify(src) by extension 'python_setup_py'
[3.623s] Level 1:colcon.colcon_core.package_identification:_identify(src/odometry_processing) by extensions ['ignore', 'ignore_ament_install']
[3.623s] Level 1:colcon.colcon_core.package_identification:_identify(src/odometry_processing) by extension 'ignore'
[3.623s] Level 1:colcon.colcon_core.package_identification:_identify(src/odometry_processing) by extension 'ignore_ament_install'
[3.623s] Level 1:colcon.colcon_core.package_identification:_identify(src/odometry_processing) by extensions ['colcon_pkg']
[3.623s] Level 1:colcon.colcon_core.package_identification:_identify(src/odometry_processing) by extension 'colcon_pkg'
[3.623s] Level 1:colcon.colcon_core.package_identification:_identify(src/odometry_processing) by extensions ['colcon_meta']
[3.623s] Level 1:colcon.colcon_core.package_identification:_identify(src/odometry_processing) by extension 'colcon_meta'
[3.623s] Level 1:colcon.colcon_core.package_identification:_identify(src/odometry_processing) by extensions ['ros']
[3.623s] Level 1:colcon.colcon_core.package_identification:_identify(src/odometry_processing) by extension 'ros'
[3.665s] DEBUG:colcon.colcon_core.package_identification:Package 'src/odometry_processing' with type 'ros.ament_python' and name 'odometry_processing'
[3.666s] Level 1:colcon.colcon_core.package_identification:_identify(src/record_data) by extensions ['ignore', 'ignore_ament_install']
[3.666s] Level 1:colcon.colcon_core.package_identification:_identify(src/record_data) by extension 'ignore'
[3.666s] Level 1:colcon.colcon_core.package_identification:_identify(src/record_data) by extension 'ignore_ament_install'
[3.666s] Level 1:colcon.colcon_core.package_identification:_identify(src/record_data) by extensions ['colcon_pkg']
[3.666s] Level 1:colcon.colcon_core.package_identification:_identify(src/record_data) by extension 'colcon_pkg'
[3.666s] Level 1:colcon.colcon_core.package_identification:_identify(src/record_data) by extensions ['colcon_meta']
[3.666s] Level 1:colcon.colcon_core.package_identification:_identify(src/record_data) by extension 'colcon_meta'
[3.666s] Level 1:colcon.colcon_core.package_identification:_identify(src/record_data) by extensions ['ros']
[3.666s] Level 1:colcon.colcon_core.package_identification:_identify(src/record_data) by extension 'ros'
[3.666s] DEBUG:colcon.colcon_core.package_identification:Package 'src/record_data' with type 'ros.ament_python' and name 'record_data'
[3.666s] Level 1:colcon.colcon_core.package_discovery:discover_packages(recursive) using defaults
[3.667s] Level 1:colcon.colcon_core.package_discovery:discover_packages(ignore) discover
[3.667s] Level 1:colcon.colcon_core.package_discovery:discover_packages(ignore) using defaults
[3.667s] Level 1:colcon.colcon_core.package_discovery:discover_packages(path) discover
[3.667s] Level 1:colcon.colcon_core.package_discovery:discover_packages(path) using defaults
[3.763s] Level 1:colcon.colcon_core.package_discovery:discover_packages(prefix_path) check parameters
[3.763s] Level 1:colcon.colcon_core.package_discovery:discover_packages(prefix_path) discover
[3.768s] DEBUG:colcon.colcon_installed_package_information.package_discovery:Found 403 installed packages in /opt/ros/humble
[3.770s] Level 1:colcon.colcon_core.package_discovery:discover_packages(prefix_path) using defaults
[3.829s] Level 5:colcon.colcon_core.verb:set package 'odometry_processing' build argument 'cmake_args' from command line to 'None'
[3.829s] Level 5:colcon.colcon_core.verb:set package 'odometry_processing' build argument 'cmake_target' from command line to 'None'
[3.829s] Level 5:colcon.colcon_core.verb:set package 'odometry_processing' build argument 'cmake_target_skip_unavailable' from command line to 'False'
[3.829s] Level 5:colcon.colcon_core.verb:set package 'odometry_processing' build argument 'cmake_clean_cache' from command line to 'False'
[3.829s] Level 5:colcon.colcon_core.verb:set package 'odometry_processing' build argument 'cmake_clean_first' from command line to 'False'
[3.829s] Level 5:colcon.colcon_core.verb:set package 'odometry_processing' build argument 'cmake_force_configure' from command line to 'False'
[3.829s] Level 5:colcon.colcon_core.verb:set package 'odometry_processing' build argument 'ament_cmake_args' from command line to 'None'
[3.829s] Level 5:colcon.colcon_core.verb:set package 'odometry_processing' build argument 'catkin_cmake_args' from command line to 'None'
[3.829s] Level 5:colcon.colcon_core.verb:set package 'odometry_processing' build argument 'catkin_skip_building_tests' from command line to 'False'
[3.829s] DEBUG:colcon.colcon_core.verb:Building package 'odometry_processing' with the following arguments: {'ament_cmake_args': None, 'build_base': '/home/glacier-dssl/Projects/odometry_plot_ros2/build/odometry_processing', 'catkin_cmake_args': None, 'catkin_skip_building_tests': False, 'cmake_args': None, 'cmake_clean_cache': False, 'cmake_clean_first': False, 'cmake_force_configure': False, 'cmake_target': None, 'cmake_target_skip_unavailable': False, 'install_base': '/home/glacier-dssl/Projects/odometry_plot_ros2/install/odometry_processing', 'merge_install': False, 'path': '/home/glacier-dssl/Projects/odometry_plot_ros2/src/odometry_processing', 'symlink_install': False, 'test_result_base': None}
[3.829s] Level 5:colcon.colcon_core.verb:set package 'record_data' build argument 'cmake_args' from command line to 'None'
[3.829s] Level 5:colcon.colcon_core.verb:set package 'record_data' build argument 'cmake_target' from command line to 'None'
[3.829s] Level 5:colcon.colcon_core.verb:set package 'record_data' build argument 'cmake_target_skip_unavailable' from command line to 'False'
[3.829s] Level 5:colcon.colcon_core.verb:set package 'record_data' build argument 'cmake_clean_cache' from command line to 'False'
[3.829s] Level 5:colcon.colcon_core.verb:set package 'record_data' build argument 'cmake_clean_first' from command line to 'False'
[3.830s] Level 5:colcon.colcon_core.verb:set package 'record_data' build argument 'cmake_force_configure' from command line to 'False'
[3.830s] Level 5:colcon.colcon_core.verb:set package 'record_data' build argument 'ament_cmake_args' from command line to 'None'
[3.830s] Level 5:colcon.colcon_core.verb:set package 'record_data' build argument 'catkin_cmake_args' from command line to 'None'
[3.830s] Level 5:colcon.colcon_core.verb:set package 'record_data' build argument 'catkin_skip_building_tests' from command line to 'False'
[3.830s] DEBUG:colcon.colcon_core.verb:Building package 'record_data' with the following arguments: {'ament_cmake_args': None, 'build_base': '/home/glacier-dssl/Projects/odometry_plot_ros2/build/record_data', 'catkin_cmake_args': None, 'catkin_skip_building_tests': False, 'cmake_args': None, 'cmake_clean_cache': False, 'cmake_clean_first': False, 'cmake_force_configure': False, 'cmake_target': None, 'cmake_target_skip_unavailable': False, 'install_base': '/home/glacier-dssl/Projects/odometry_plot_ros2/install/record_data', 'merge_install': False, 'path': '/home/glacier-dssl/Projects/odometry_plot_ros2/src/record_data', 'symlink_install': False, 'test_result_base': None}
[3.830s] INFO:colcon.colcon_core.executor:Executing jobs using 'parallel' executor
[3.831s] DEBUG:colcon.colcon_parallel_executor.executor.parallel:run_until_complete
[3.831s] INFO:colcon.colcon_ros.task.ament_python.build:Building ROS package in '/home/glacier-dssl/Projects/odometry_plot_ros2/src/odometry_processing' with build type 'ament_python'
[3.831s] Level 1:colcon.colcon_core.shell:create_environment_hook('odometry_processing', 'ament_prefix_path')
[3.861s] INFO:colcon.colcon_core.plugin_system:Skipping extension 'colcon_core.shell.bat': Not used on non-Windows systems
[3.861s] INFO:colcon.colcon_core.shell:Creating environment hook '/home/glacier-dssl/Projects/odometry_plot_ros2/install/odometry_processing/share/odometry_processing/hook/ament_prefix_path.ps1'
[3.872s] INFO:colcon.colcon_core.shell:Creating environment descriptor '/home/glacier-dssl/Projects/odometry_plot_ros2/install/odometry_processing/share/odometry_processing/hook/ament_prefix_path.dsv'
[3.873s] INFO:colcon.colcon_core.shell:Creating environment hook '/home/glacier-dssl/Projects/odometry_plot_ros2/install/odometry_processing/share/odometry_processing/hook/ament_prefix_path.sh'
[3.875s] INFO:colcon.colcon_core.shell:Skip shell extension 'powershell' for command environment: Not usable outside of PowerShell
[3.875s] DEBUG:colcon.colcon_core.shell:Skip shell extension 'dsv' for command environment
[3.878s] INFO:colcon.colcon_ros.task.ament_python.build:Building ROS package in '/home/glacier-dssl/Projects/odometry_plot_ros2/src/record_data' with build type 'ament_python'
[3.878s] Level 1:colcon.colcon_core.shell:create_environment_hook('record_data', 'ament_prefix_path')
[3.878s] INFO:colcon.colcon_core.shell:Creating environment hook '/home/glacier-dssl/Projects/odometry_plot_ros2/install/record_data/share/record_data/hook/ament_prefix_path.ps1'
[3.879s] INFO:colcon.colcon_core.shell:Creating environment descriptor '/home/glacier-dssl/Projects/odometry_plot_ros2/install/record_data/share/record_data/hook/ament_prefix_path.dsv'
[3.879s] INFO:colcon.colcon_core.shell:Creating environment hook '/home/glacier-dssl/Projects/odometry_plot_ros2/install/record_data/share/record_data/hook/ament_prefix_path.sh'
[3.880s] INFO:colcon.colcon_core.shell:Skip shell extension 'powershell' for command environment: Not usable outside of PowerShell
[3.880s] DEBUG:colcon.colcon_core.shell:Skip shell extension 'dsv' for command environment
[4.142s] INFO:colcon.colcon_core.task.python.build:Building Python package in '/home/glacier-dssl/Projects/odometry_plot_ros2/src/odometry_processing'
[4.142s] INFO:colcon.colcon_core.shell:Skip shell extension 'powershell' for command environment: Not usable outside of PowerShell
[4.142s] DEBUG:colcon.colcon_core.shell:Skip shell extension 'dsv' for command environment
[4.372s] INFO:colcon.colcon_core.task.python.build:Building Python package in '/home/glacier-dssl/Projects/odometry_plot_ros2/src/record_data'
[4.372s] INFO:colcon.colcon_core.shell:Skip shell extension 'powershell' for command environment: Not usable outside of PowerShell
[4.372s] DEBUG:colcon.colcon_core.shell:Skip shell extension 'dsv' for command environment
[5.086s] DEBUG:colcon.colcon_core.event_handler.log_command:Invoking command in '/home/glacier-dssl/Projects/odometry_plot_ros2/src/odometry_processing': PYTHONPATH=/home/glacier-dssl/Projects/odometry_plot_ros2/build/odometry_processing/prefix_override:/usr/lib/python3/dist-packages/colcon_core/task/python/colcon_distutils_commands:/home/glacier-dssl/Projects/odometry_plot_ros2/install/odometry_processing/lib/python3.10/site-packages:${PYTHONPATH} /usr/bin/python3 -W ignore:setup.py install is deprecated setup.py egg_info --egg-base ../../build/odometry_processing build --build-base /home/glacier-dssl/Projects/odometry_plot_ros2/build/odometry_processing/build install --record /home/glacier-dssl/Projects/odometry_plot_ros2/build/odometry_processing/install.log --single-version-externally-managed install_data
[5.092s] DEBUG:colcon.colcon_core.event_handler.log_command:Invoking command in '/home/glacier-dssl/Projects/odometry_plot_ros2/src/record_data': PYTHONPATH=/home/glacier-dssl/Projects/odometry_plot_ros2/build/record_data/prefix_override:/usr/lib/python3/dist-packages/colcon_core/task/python/colcon_distutils_commands:/home/glacier-dssl/Projects/odometry_plot_ros2/install/record_data/lib/python3.10/site-packages:${PYTHONPATH} /usr/bin/python3 -W ignore:setup.py install is deprecated setup.py egg_info --egg-base ../../build/record_data build --build-base /home/glacier-dssl/Projects/odometry_plot_ros2/build/record_data/build install --record /home/glacier-dssl/Projects/odometry_plot_ros2/build/record_data/install.log --single-version-externally-managed install_data
[5.357s] DEBUG:colcon.colcon_core.event_handler.log_command:Invoked command in '/home/glacier-dssl/Projects/odometry_plot_ros2/src/record_data' returned '0': PYTHONPATH=/home/glacier-dssl/Projects/odometry_plot_ros2/build/record_data/prefix_override:/usr/lib/python3/dist-packages/colcon_core/task/python/colcon_distutils_commands:/home/glacier-dssl/Projects/odometry_plot_ros2/install/record_data/lib/python3.10/site-packages:${PYTHONPATH} /usr/bin/python3 -W ignore:setup.py install is deprecated setup.py egg_info --egg-base ../../build/record_data build --build-base /home/glacier-dssl/Projects/odometry_plot_ros2/build/record_data/build install --record /home/glacier-dssl/Projects/odometry_plot_ros2/build/record_data/install.log --single-version-externally-managed install_data
[5.387s] Level 1:colcon.colcon_core.environment:checking '/home/glacier-dssl/Projects/odometry_plot_ros2/install/record_data' for CMake module files
[5.387s] Level 1:colcon.colcon_core.environment:checking '/home/glacier-dssl/Projects/odometry_plot_ros2/install/record_data' for CMake config files
[5.388s] Level 1:colcon.colcon_core.environment:checking '/home/glacier-dssl/Projects/odometry_plot_ros2/install/record_data/lib'
[5.388s] Level 1:colcon.colcon_core.environment:checking '/home/glacier-dssl/Projects/odometry_plot_ros2/install/record_data/bin'
[5.388s] Level 1:colcon.colcon_core.environment:checking '/home/glacier-dssl/Projects/odometry_plot_ros2/install/record_data/lib/pkgconfig/record_data.pc'
[5.388s] Level 1:colcon.colcon_core.environment:checking '/home/glacier-dssl/Projects/odometry_plot_ros2/install/record_data/lib/python3.10/site-packages'
[5.388s] Level 1:colcon.colcon_core.shell:create_environment_hook('record_data', 'pythonpath')
[5.389s] INFO:colcon.colcon_core.shell:Creating environment hook '/home/glacier-dssl/Projects/odometry_plot_ros2/install/record_data/share/record_data/hook/pythonpath.ps1'
[5.389s] INFO:colcon.colcon_core.shell:Creating environment descriptor '/home/glacier-dssl/Projects/odometry_plot_ros2/install/record_data/share/record_data/hook/pythonpath.dsv'
[5.390s] INFO:colcon.colcon_core.shell:Creating environment hook '/home/glacier-dssl/Projects/odometry_plot_ros2/install/record_data/share/record_data/hook/pythonpath.sh'
[5.390s] Level 1:colcon.colcon_core.environment:checking '/home/glacier-dssl/Projects/odometry_plot_ros2/install/record_data/bin'
[5.390s] Level 1:colcon.colcon_core.environment:create_environment_scripts_only(record_data)
[5.391s] INFO:colcon.colcon_core.shell:Creating package script '/home/glacier-dssl/Projects/odometry_plot_ros2/install/record_data/share/record_data/package.ps1'
[5.392s] INFO:colcon.colcon_core.shell:Creating package descriptor '/home/glacier-dssl/Projects/odometry_plot_ros2/install/record_data/share/record_data/package.dsv'
[5.392s] INFO:colcon.colcon_core.shell:Creating package script '/home/glacier-dssl/Projects/odometry_plot_ros2/install/record_data/share/record_data/package.sh'
[5.394s] INFO:colcon.colcon_core.shell:Creating package script '/home/glacier-dssl/Projects/odometry_plot_ros2/install/record_data/share/record_data/package.bash'
[5.401s] INFO:colcon.colcon_core.shell:Creating package script '/home/glacier-dssl/Projects/odometry_plot_ros2/install/record_data/share/record_data/package.zsh'
[5.403s] Level 1:colcon.colcon_core.environment:create_file_with_runtime_dependencies(/home/glacier-dssl/Projects/odometry_plot_ros2/install/record_data/share/colcon-core/packages/record_data)
[5.411s] Level 1:colcon.colcon_core.environment:checking '/home/glacier-dssl/Projects/odometry_plot_ros2/install/odometry_processing' for CMake module files
[5.412s] DEBUG:colcon.colcon_core.event_handler.log_command:Invoked command in '/home/glacier-dssl/Projects/odometry_plot_ros2/src/odometry_processing' returned '0': PYTHONPATH=/home/glacier-dssl/Projects/odometry_plot_ros2/build/odometry_processing/prefix_override:/usr/lib/python3/dist-packages/colcon_core/task/python/colcon_distutils_commands:/home/glacier-dssl/Projects/odometry_plot_ros2/install/odometry_processing/lib/python3.10/site-packages:${PYTHONPATH} /usr/bin/python3 -W ignore:setup.py install is deprecated setup.py egg_info --egg-base ../../build/odometry_processing build --build-base /home/glacier-dssl/Projects/odometry_plot_ros2/build/odometry_processing/build install --record /home/glacier-dssl/Projects/odometry_plot_ros2/build/odometry_processing/install.log --single-version-externally-managed install_data
[5.412s] Level 1:colcon.colcon_core.environment:checking '/home/glacier-dssl/Projects/odometry_plot_ros2/install/odometry_processing' for CMake config files
[5.413s] Level 1:colcon.colcon_core.environment:checking '/home/glacier-dssl/Projects/odometry_plot_ros2/install/odometry_processing/lib'
[5.413s] Level 1:colcon.colcon_core.environment:checking '/home/glacier-dssl/Projects/odometry_plot_ros2/install/odometry_processing/bin'
[5.413s] Level 1:colcon.colcon_core.environment:checking '/home/glacier-dssl/Projects/odometry_plot_ros2/install/odometry_processing/lib/pkgconfig/odometry_processing.pc'
[5.413s] Level 1:colcon.colcon_core.environment:checking '/home/glacier-dssl/Projects/odometry_plot_ros2/install/odometry_processing/lib/python3.10/site-packages'
[5.413s] Level 1:colcon.colcon_core.shell:create_environment_hook('odometry_processing', 'pythonpath')
[5.413s] INFO:colcon.colcon_core.shell:Creating environment hook '/home/glacier-dssl/Projects/odometry_plot_ros2/install/odometry_processing/share/odometry_processing/hook/pythonpath.ps1'
[5.414s] INFO:colcon.colcon_core.shell:Creating environment descriptor '/home/glacier-dssl/Projects/odometry_plot_ros2/install/odometry_processing/share/odometry_processing/hook/pythonpath.dsv'
[5.414s] INFO:colcon.colcon_core.shell:Creating environment hook '/home/glacier-dssl/Projects/odometry_plot_ros2/install/odometry_processing/share/odometry_processing/hook/pythonpath.sh'
[5.415s] Level 1:colcon.colcon_core.environment:checking '/home/glacier-dssl/Projects/odometry_plot_ros2/install/odometry_processing/bin'
[5.415s] Level 1:colcon.colcon_core.environment:create_environment_scripts_only(odometry_processing)
[5.415s] INFO:colcon.colcon_core.shell:Creating package script '/home/glacier-dssl/Projects/odometry_plot_ros2/install/odometry_processing/share/odometry_processing/package.ps1'
[5.415s] INFO:colcon.colcon_core.shell:Creating package descriptor '/home/glacier-dssl/Projects/odometry_plot_ros2/install/odometry_processing/share/odometry_processing/package.dsv'
[5.416s] INFO:colcon.colcon_core.shell:Creating package script '/home/glacier-dssl/Projects/odometry_plot_ros2/install/odometry_processing/share/odometry_processing/package.sh'
[5.416s] INFO:colcon.colcon_core.shell:Creating package script '/home/glacier-dssl/Projects/odometry_plot_ros2/install/odometry_processing/share/odometry_processing/package.bash'
[5.417s] INFO:colcon.colcon_core.shell:Creating package script '/home/glacier-dssl/Projects/odometry_plot_ros2/install/odometry_processing/share/odometry_processing/package.zsh'
[5.417s] Level 1:colcon.colcon_core.environment:create_file_with_runtime_dependencies(/home/glacier-dssl/Projects/odometry_plot_ros2/install/odometry_processing/share/colcon-core/packages/odometry_processing)
[5.417s] DEBUG:colcon.colcon_parallel_executor.executor.parallel:closing loop
[5.417s] DEBUG:colcon.colcon_parallel_executor.executor.parallel:loop closed
[5.418s] DEBUG:colcon.colcon_parallel_executor.executor.parallel:run_until_complete finished with '0'
[5.418s] DEBUG:colcon.colcon_core.event_reactor:joining thread
[5.427s] INFO:colcon.colcon_core.plugin_system:Skipping extension 'colcon_notification.desktop_notification.terminal_notifier': Not used on non-Darwin systems
[5.427s] INFO:colcon.colcon_core.plugin_system:Skipping extension 'colcon_notification.desktop_notification.win32': Not used on non-Windows systems
[5.427s] INFO:colcon.colcon_notification.desktop_notification:Sending desktop notification using 'notify2'
[5.463s] DEBUG:colcon.colcon_core.event_reactor:joined thread
[5.464s] INFO:colcon.colcon_core.shell:Creating prefix script '/home/glacier-dssl/Projects/odometry_plot_ros2/install/local_setup.ps1'
[5.466s] INFO:colcon.colcon_core.shell:Creating prefix util module '/home/glacier-dssl/Projects/odometry_plot_ros2/install/_local_setup_util_ps1.py'
[5.469s] INFO:colcon.colcon_core.shell:Creating prefix chain script '/home/glacier-dssl/Projects/odometry_plot_ros2/install/setup.ps1'
[5.470s] INFO:colcon.colcon_core.shell:Creating prefix script '/home/glacier-dssl/Projects/odometry_plot_ros2/install/local_setup.sh'
[5.472s] INFO:colcon.colcon_core.shell:Creating prefix util module '/home/glacier-dssl/Projects/odometry_plot_ros2/install/_local_setup_util_sh.py'
[5.472s] INFO:colcon.colcon_core.shell:Creating prefix chain script '/home/glacier-dssl/Projects/odometry_plot_ros2/install/setup.sh'
[5.474s] INFO:colcon.colcon_core.shell:Creating prefix script '/home/glacier-dssl/Projects/odometry_plot_ros2/install/local_setup.bash'
[5.494s] INFO:colcon.colcon_core.shell:Creating prefix chain script '/home/glacier-dssl/Projects/odometry_plot_ros2/install/setup.bash'
[5.495s] INFO:colcon.colcon_core.shell:Creating prefix script '/home/glacier-dssl/Projects/odometry_plot_ros2/install/local_setup.zsh'
[5.496s] INFO:colcon.colcon_core.shell:Creating prefix chain script '/home/glacier-dssl/Projects/odometry_plot_ros2/install/setup.zsh'
