running egg_info
writing ../../build/odometry_processing/odometry_processing.egg-info/PKG-INFO
writing dependency_links to ../../build/odometry_processing/odometry_processing.egg-info/dependency_links.txt
writing entry points to ../../build/odometry_processing/odometry_processing.egg-info/entry_points.txt
writing requirements to ../../build/odometry_processing/odometry_processing.egg-info/requires.txt
writing top-level names to ../../build/odometry_processing/odometry_processing.egg-info/top_level.txt
reading manifest file '../../build/odometry_processing/odometry_processing.egg-info/SOURCES.txt'
adding license file 'LICENSE'
writing manifest file '../../build/odometry_processing/odometry_processing.egg-info/SOURCES.txt'
running build
running build_py
copying odometry_processing/odom_plot.py -> /home/dssl/Projects/odometry_plot_ros2/build/odometry_processing/build/lib/odometry_processing
running install
running install_lib
copying /home/dssl/Projects/odometry_plot_ros2/build/odometry_processing/build/lib/odometry_processing/odom_plot.py -> /home/dssl/Projects/odometry_plot_ros2/install/odometry_processing/lib/python3.10/site-packages/odometry_processing
byte-compiling /home/dssl/Projects/odometry_plot_ros2/install/odometry_processing/lib/python3.10/site-packages/odometry_processing/odom_plot.py to odom_plot.cpython-310.pyc
running install_data
copying odometry_processing/odom_plot.py -> /home/dssl/Projects/odometry_plot_ros2/install/odometry_processing/share/odometry_processing
running install_egg_info
removing '/home/dssl/Projects/odometry_plot_ros2/install/odometry_processing/lib/python3.10/site-packages/odometry_processing-0.0.0-py3.10.egg-info' (and everything under it)
Copying ../../build/odometry_processing/odometry_processing.egg-info to /home/dssl/Projects/odometry_plot_ros2/install/odometry_processing/lib/python3.10/site-packages/odometry_processing-0.0.0-py3.10.egg-info
running install_scripts
writing list of installed files to '/home/dssl/Projects/odometry_plot_ros2/build/odometry_processing/install.log'
