running egg_info
writing ../../build/record_data/record_data.egg-info/PKG-INFO
writing dependency_links to ../../build/record_data/record_data.egg-info/dependency_links.txt
writing entry points to ../../build/record_data/record_data.egg-info/entry_points.txt
writing requirements to ../../build/record_data/record_data.egg-info/requires.txt
writing top-level names to ../../build/record_data/record_data.egg-info/top_level.txt
reading manifest file '../../build/record_data/record_data.egg-info/SOURCES.txt'
adding license file 'LICENSE'
writing manifest file '../../build/record_data/record_data.egg-info/SOURCES.txt'
running build
running build_py
copying record_data/record_data.py -> /home/glacier-dssl/Projects/odometry_plot_ros2/build/record_data/build/lib/record_data
copying record_data/gazebo_get_pub.py -> /home/glacier-dssl/Projects/odometry_plot_ros2/build/record_data/build/lib/record_data
running install
running install_lib
copying /home/glacier-dssl/Projects/odometry_plot_ros2/build/record_data/build/lib/record_data/record_data.py -> /home/glacier-dssl/Projects/odometry_plot_ros2/install/record_data/lib/python3.10/site-packages/record_data
copying /home/glacier-dssl/Projects/odometry_plot_ros2/build/record_data/build/lib/record_data/gazebo_get_pub.py -> /home/glacier-dssl/Projects/odometry_plot_ros2/install/record_data/lib/python3.10/site-packages/record_data
byte-compiling /home/glacier-dssl/Projects/odometry_plot_ros2/install/record_data/lib/python3.10/site-packages/record_data/record_data.py to record_data.cpython-310.pyc
byte-compiling /home/glacier-dssl/Projects/odometry_plot_ros2/install/record_data/lib/python3.10/site-packages/record_data/gazebo_get_pub.py to gazebo_get_pub.cpython-310.pyc
running install_data
running install_egg_info
removing '/home/glacier-dssl/Projects/odometry_plot_ros2/install/record_data/lib/python3.10/site-packages/record_data-0.0.0-py3.10.egg-info' (and everything under it)
Copying ../../build/record_data/record_data.egg-info to /home/glacier-dssl/Projects/odometry_plot_ros2/install/record_data/lib/python3.10/site-packages/record_data-0.0.0-py3.10.egg-info
running install_scripts
Installing gazebo_get_pub script to /home/glacier-dssl/Projects/odometry_plot_ros2/install/record_data/lib/record_data
Installing record_data script to /home/glacier-dssl/Projects/odometry_plot_ros2/install/record_data/lib/record_data
writing list of installed files to '/home/glacier-dssl/Projects/odometry_plot_ros2/build/record_data/install.log'
