[1.030s] DEBUG:colcon:Command line arguments: ['/usr/bin/colcon', 'build']
[1.030s] DEBUG:colcon:Parsed command line arguments: Namespace(log_base=None, log_level=None, verb_name='build', build_base='build', install_base='install', merge_install=False, symlink_install=False, test_result_base=None, continue_on_error=False, executor='parallel', parallel_workers=20, event_handlers=None, ignore_user_meta=False, metas=['./colcon.meta'], base_paths=['.'], packages_ignore=None, packages_ignore_regex=None, paths=None, packages_up_to=None, packages_up_to_regex=None, packages_above=None, packages_above_and_dependencies=None, packages_above_depth=None, packages_select_by_dep=None, packages_skip_by_dep=None, packages_skip_up_to=None, packages_select_build_failed=False, packages_skip_build_finished=False, packages_select_test_failures=False, packages_skip_test_passed=False, packages_select=None, packages_skip=None, packages_select_regex=None, packages_skip_regex=None, packages_start=None, packages_end=None, allow_overriding=[], cmake_args=None, cmake_target=None, cmake_target_skip_unavailable=False, cmake_clean_cache=False, cmake_clean_first=False, cmake_force_configure=False, ament_cmake_args=None, catkin_cmake_args=None, catkin_skip_building_tests=False, mixin_files=None, mixin=None, verb_parser=<colcon_mixin.mixin.mixin_argument.MixinArgumentDecorator object at 0x7f070b043a90>, verb_extension=<colcon_core.verb.build.BuildVerb object at 0x7f070b1b7e80>, main=<bound method BuildVerb.main of <colcon_core.verb.build.BuildVerb object at 0x7f070b1b7e80>>, mixin_verb=('build',))
[4.065s] Level 1:colcon.colcon_core.package_discovery:discover_packages(colcon_meta) check parameters
[4.065s] Level 1:colcon.colcon_core.package_discovery:discover_packages(recursive) check parameters
[4.065s] Level 1:colcon.colcon_core.package_discovery:discover_packages(ignore) check parameters
[4.065s] Level 1:colcon.colcon_core.package_discovery:discover_packages(path) check parameters
[4.065s] Level 1:colcon.colcon_core.package_discovery:discover_packages(colcon_meta) discover
[4.065s] Level 1:colcon.colcon_core.package_discovery:discover_packages(recursive) discover
[4.065s] INFO:colcon.colcon_core.package_discovery:Crawling recursively for packages in '/home/glacier-dssl/Projects/odometry_plot_ros2'
[4.066s] Level 1:colcon.colcon_core.package_identification:_identify(.) by extensions ['ignore', 'ignore_ament_install']
[4.066s] Level 1:colcon.colcon_core.package_identification:_identify(.) by extension 'ignore'
[4.066s] Level 1:colcon.colcon_core.package_identification:_identify(.) by extension 'ignore_ament_install'
[4.066s] Level 1:colcon.colcon_core.package_identification:_identify(.) by extensions ['colcon_pkg']
[4.066s] Level 1:colcon.colcon_core.package_identification:_identify(.) by extension 'colcon_pkg'
[4.066s] Level 1:colcon.colcon_core.package_identification:_identify(.) by extensions ['colcon_meta']
[4.066s] Level 1:colcon.colcon_core.package_identification:_identify(.) by extension 'colcon_meta'
[4.066s] Level 1:colcon.colcon_core.package_identification:_identify(.) by extensions ['ros']
[4.066s] Level 1:colcon.colcon_core.package_identification:_identify(.) by extension 'ros'
[4.103s] Level 1:colcon.colcon_core.package_identification:_identify(.) by extensions ['cmake', 'python']
[4.103s] Level 1:colcon.colcon_core.package_identification:_identify(.) by extension 'cmake'
[4.103s] Level 1:colcon.colcon_core.package_identification:_identify(.) by extension 'python'
[4.103s] Level 1:colcon.colcon_core.package_identification:_identify(.) by extensions ['python_setup_py']
[4.104s] Level 1:colcon.colcon_core.package_identification:_identify(.) by extension 'python_setup_py'
[4.104s] Level 1:colcon.colcon_core.package_identification:_identify(build) by extensions ['ignore', 'ignore_ament_install']
[4.104s] Level 1:colcon.colcon_core.package_identification:_identify(build) by extension 'ignore'
[4.104s] Level 1:colcon.colcon_core.package_identification:_identify(build) ignored
[4.104s] Level 1:colcon.colcon_core.package_identification:_identify(install) by extensions ['ignore', 'ignore_ament_install']
[4.105s] Level 1:colcon.colcon_core.package_identification:_identify(install) by extension 'ignore'
[4.105s] Level 1:colcon.colcon_core.package_identification:_identify(install) ignored
[4.105s] Level 1:colcon.colcon_core.package_identification:_identify(log) by extensions ['ignore', 'ignore_ament_install']
[4.105s] Level 1:colcon.colcon_core.package_identification:_identify(log) by extension 'ignore'
[4.105s] Level 1:colcon.colcon_core.package_identification:_identify(log) ignored
[4.105s] Level 1:colcon.colcon_core.package_identification:_identify(src) by extensions ['ignore', 'ignore_ament_install']
[4.105s] Level 1:colcon.colcon_core.package_identification:_identify(src) by extension 'ignore'
[4.106s] Level 1:colcon.colcon_core.package_identification:_identify(src) by extension 'ignore_ament_install'
[4.106s] Level 1:colcon.colcon_core.package_identification:_identify(src) by extensions ['colcon_pkg']
[4.106s] Level 1:colcon.colcon_core.package_identification:_identify(src) by extension 'colcon_pkg'
[4.106s] Level 1:colcon.colcon_core.package_identification:_identify(src) by extensions ['colcon_meta']
[4.106s] Level 1:colcon.colcon_core.package_identification:_identify(src) by extension 'colcon_meta'
[4.106s] Level 1:colcon.colcon_core.package_identification:_identify(src) by extensions ['ros']
[4.106s] Level 1:colcon.colcon_core.package_identification:_identify(src) by extension 'ros'
[4.106s] Level 1:colcon.colcon_core.package_identification:_identify(src) by extensions ['cmake', 'python']
[4.106s] Level 1:colcon.colcon_core.package_identification:_identify(src) by extension 'cmake'
[4.106s] Level 1:colcon.colcon_core.package_identification:_identify(src) by extension 'python'
[4.106s] Level 1:colcon.colcon_core.package_identification:_identify(src) by extensions ['python_setup_py']
[4.107s] Level 1:colcon.colcon_core.package_identification:_identify(src) by extension 'python_setup_py'
[4.107s] Level 1:colcon.colcon_core.package_identification:_identify(src/odometry_processing) by extensions ['ignore', 'ignore_ament_install']
[4.107s] Level 1:colcon.colcon_core.package_identification:_identify(src/odometry_processing) by extension 'ignore'
[4.107s] Level 1:colcon.colcon_core.package_identification:_identify(src/odometry_processing) by extension 'ignore_ament_install'
[4.107s] Level 1:colcon.colcon_core.package_identification:_identify(src/odometry_processing) by extensions ['colcon_pkg']
[4.107s] Level 1:colcon.colcon_core.package_identification:_identify(src/odometry_processing) by extension 'colcon_pkg'
[4.107s] Level 1:colcon.colcon_core.package_identification:_identify(src/odometry_processing) by extensions ['colcon_meta']
[4.107s] Level 1:colcon.colcon_core.package_identification:_identify(src/odometry_processing) by extension 'colcon_meta'
[4.107s] Level 1:colcon.colcon_core.package_identification:_identify(src/odometry_processing) by extensions ['ros']
[4.108s] Level 1:colcon.colcon_core.package_identification:_identify(src/odometry_processing) by extension 'ros'
[4.150s] DEBUG:colcon.colcon_core.package_identification:Package 'src/odometry_processing' with type 'ros.ament_python' and name 'odometry_processing'
[4.151s] Level 1:colcon.colcon_core.package_identification:_identify(src/record_data) by extensions ['ignore', 'ignore_ament_install']
[4.151s] Level 1:colcon.colcon_core.package_identification:_identify(src/record_data) by extension 'ignore'
[4.151s] Level 1:colcon.colcon_core.package_identification:_identify(src/record_data) by extension 'ignore_ament_install'
[4.151s] Level 1:colcon.colcon_core.package_identification:_identify(src/record_data) by extensions ['colcon_pkg']
[4.151s] Level 1:colcon.colcon_core.package_identification:_identify(src/record_data) by extension 'colcon_pkg'
[4.151s] Level 1:colcon.colcon_core.package_identification:_identify(src/record_data) by extensions ['colcon_meta']
[4.151s] Level 1:colcon.colcon_core.package_identification:_identify(src/record_data) by extension 'colcon_meta'
[4.151s] Level 1:colcon.colcon_core.package_identification:_identify(src/record_data) by extensions ['ros']
[4.151s] Level 1:colcon.colcon_core.package_identification:_identify(src/record_data) by extension 'ros'
[4.164s] DEBUG:colcon.colcon_core.package_identification:Package 'src/record_data' with type 'ros.ament_python' and name 'record_data'
[4.164s] Level 1:colcon.colcon_core.package_discovery:discover_packages(recursive) using defaults
[4.164s] Level 1:colcon.colcon_core.package_discovery:discover_packages(ignore) discover
[4.164s] Level 1:colcon.colcon_core.package_discovery:discover_packages(ignore) using defaults
[4.164s] Level 1:colcon.colcon_core.package_discovery:discover_packages(path) discover
[4.164s] Level 1:colcon.colcon_core.package_discovery:discover_packages(path) using defaults
[4.306s] Level 1:colcon.colcon_core.package_discovery:discover_packages(prefix_path) check parameters
[4.306s] Level 1:colcon.colcon_core.package_discovery:discover_packages(prefix_path) discover
[4.312s] DEBUG:colcon.colcon_installed_package_information.package_discovery:Found 403 installed packages in /opt/ros/humble
[4.314s] Level 1:colcon.colcon_core.package_discovery:discover_packages(prefix_path) using defaults
[4.387s] Level 5:colcon.colcon_core.verb:set package 'odometry_processing' build argument 'cmake_args' from command line to 'None'
[4.387s] Level 5:colcon.colcon_core.verb:set package 'odometry_processing' build argument 'cmake_target' from command line to 'None'
[4.387s] Level 5:colcon.colcon_core.verb:set package 'odometry_processing' build argument 'cmake_target_skip_unavailable' from command line to 'False'
[4.387s] Level 5:colcon.colcon_core.verb:set package 'odometry_processing' build argument 'cmake_clean_cache' from command line to 'False'
[4.387s] Level 5:colcon.colcon_core.verb:set package 'odometry_processing' build argument 'cmake_clean_first' from command line to 'False'
[4.387s] Level 5:colcon.colcon_core.verb:set package 'odometry_processing' build argument 'cmake_force_configure' from command line to 'False'
[4.387s] Level 5:colcon.colcon_core.verb:set package 'odometry_processing' build argument 'ament_cmake_args' from command line to 'None'
[4.387s] Level 5:colcon.colcon_core.verb:set package 'odometry_processing' build argument 'catkin_cmake_args' from command line to 'None'
[4.387s] Level 5:colcon.colcon_core.verb:set package 'odometry_processing' build argument 'catkin_skip_building_tests' from command line to 'False'
[4.387s] DEBUG:colcon.colcon_core.verb:Building package 'odometry_processing' with the following arguments: {'ament_cmake_args': None, 'build_base': '/home/glacier-dssl/Projects/odometry_plot_ros2/build/odometry_processing', 'catkin_cmake_args': None, 'catkin_skip_building_tests': False, 'cmake_args': None, 'cmake_clean_cache': False, 'cmake_clean_first': False, 'cmake_force_configure': False, 'cmake_target': None, 'cmake_target_skip_unavailable': False, 'install_base': '/home/glacier-dssl/Projects/odometry_plot_ros2/install/odometry_processing', 'merge_install': False, 'path': '/home/glacier-dssl/Projects/odometry_plot_ros2/src/odometry_processing', 'symlink_install': False, 'test_result_base': None}
[4.388s] Level 5:colcon.colcon_core.verb:set package 'record_data' build argument 'cmake_args' from command line to 'None'
[4.388s] Level 5:colcon.colcon_core.verb:set package 'record_data' build argument 'cmake_target' from command line to 'None'
[4.388s] Level 5:colcon.colcon_core.verb:set package 'record_data' build argument 'cmake_target_skip_unavailable' from command line to 'False'
[4.388s] Level 5:colcon.colcon_core.verb:set package 'record_data' build argument 'cmake_clean_cache' from command line to 'False'
[4.388s] Level 5:colcon.colcon_core.verb:set package 'record_data' build argument 'cmake_clean_first' from command line to 'False'
[4.388s] Level 5:colcon.colcon_core.verb:set package 'record_data' build argument 'cmake_force_configure' from command line to 'False'
[4.388s] Level 5:colcon.colcon_core.verb:set package 'record_data' build argument 'ament_cmake_args' from command line to 'None'
[4.388s] Level 5:colcon.colcon_core.verb:set package 'record_data' build argument 'catkin_cmake_args' from command line to 'None'
[4.388s] Level 5:colcon.colcon_core.verb:set package 'record_data' build argument 'catkin_skip_building_tests' from command line to 'False'
[4.388s] DEBUG:colcon.colcon_core.verb:Building package 'record_data' with the following arguments: {'ament_cmake_args': None, 'build_base': '/home/glacier-dssl/Projects/odometry_plot_ros2/build/record_data', 'catkin_cmake_args': None, 'catkin_skip_building_tests': False, 'cmake_args': None, 'cmake_clean_cache': False, 'cmake_clean_first': False, 'cmake_force_configure': False, 'cmake_target': None, 'cmake_target_skip_unavailable': False, 'install_base': '/home/glacier-dssl/Projects/odometry_plot_ros2/install/record_data', 'merge_install': False, 'path': '/home/glacier-dssl/Projects/odometry_plot_ros2/src/record_data', 'symlink_install': False, 'test_result_base': None}
[4.388s] INFO:colcon.colcon_core.executor:Executing jobs using 'parallel' executor
[4.389s] DEBUG:colcon.colcon_parallel_executor.executor.parallel:run_until_complete
[4.390s] INFO:colcon.colcon_ros.task.ament_python.build:Building ROS package in '/home/glacier-dssl/Projects/odometry_plot_ros2/src/odometry_processing' with build type 'ament_python'
[4.390s] Level 1:colcon.colcon_core.shell:create_environment_hook('odometry_processing', 'ament_prefix_path')
[4.419s] INFO:colcon.colcon_core.plugin_system:Skipping extension 'colcon_core.shell.bat': Not used on non-Windows systems
[4.420s] INFO:colcon.colcon_core.shell:Creating environment hook '/home/glacier-dssl/Projects/odometry_plot_ros2/install/odometry_processing/share/odometry_processing/hook/ament_prefix_path.ps1'
[4.426s] INFO:colcon.colcon_core.shell:Creating environment descriptor '/home/glacier-dssl/Projects/odometry_plot_ros2/install/odometry_processing/share/odometry_processing/hook/ament_prefix_path.dsv'
[4.437s] INFO:colcon.colcon_core.shell:Creating environment hook '/home/glacier-dssl/Projects/odometry_plot_ros2/install/odometry_processing/share/odometry_processing/hook/ament_prefix_path.sh'
[4.439s] INFO:colcon.colcon_core.shell:Skip shell extension 'powershell' for command environment: Not usable outside of PowerShell
[4.439s] DEBUG:colcon.colcon_core.shell:Skip shell extension 'dsv' for command environment
[4.446s] INFO:colcon.colcon_ros.task.ament_python.build:Building ROS package in '/home/glacier-dssl/Projects/odometry_plot_ros2/src/record_data' with build type 'ament_python'
[4.446s] Level 1:colcon.colcon_core.shell:create_environment_hook('record_data', 'ament_prefix_path')
[4.446s] INFO:colcon.colcon_core.shell:Creating environment hook '/home/glacier-dssl/Projects/odometry_plot_ros2/install/record_data/share/record_data/hook/ament_prefix_path.ps1'
[4.447s] INFO:colcon.colcon_core.shell:Creating environment descriptor '/home/glacier-dssl/Projects/odometry_plot_ros2/install/record_data/share/record_data/hook/ament_prefix_path.dsv'
[4.447s] INFO:colcon.colcon_core.shell:Creating environment hook '/home/glacier-dssl/Projects/odometry_plot_ros2/install/record_data/share/record_data/hook/ament_prefix_path.sh'
[4.448s] INFO:colcon.colcon_core.shell:Skip shell extension 'powershell' for command environment: Not usable outside of PowerShell
[4.448s] DEBUG:colcon.colcon_core.shell:Skip shell extension 'dsv' for command environment
[4.703s] INFO:colcon.colcon_core.task.python.build:Building Python package in '/home/glacier-dssl/Projects/odometry_plot_ros2/src/odometry_processing'
[4.703s] INFO:colcon.colcon_core.shell:Skip shell extension 'powershell' for command environment: Not usable outside of PowerShell
[4.703s] DEBUG:colcon.colcon_core.shell:Skip shell extension 'dsv' for command environment
[4.933s] INFO:colcon.colcon_core.task.python.build:Building Python package in '/home/glacier-dssl/Projects/odometry_plot_ros2/src/record_data'
[4.933s] INFO:colcon.colcon_core.shell:Skip shell extension 'powershell' for command environment: Not usable outside of PowerShell
[4.933s] DEBUG:colcon.colcon_core.shell:Skip shell extension 'dsv' for command environment
[5.772s] DEBUG:colcon.colcon_core.event_handler.log_command:Invoking command in '/home/glacier-dssl/Projects/odometry_plot_ros2/src/odometry_processing': PYTHONPATH=/home/glacier-dssl/Projects/odometry_plot_ros2/build/odometry_processing/prefix_override:/usr/lib/python3/dist-packages/colcon_core/task/python/colcon_distutils_commands:/home/glacier-dssl/Projects/odometry_plot_ros2/install/odometry_processing/lib/python3.10/site-packages:${PYTHONPATH} /usr/bin/python3 -W ignore:setup.py install is deprecated setup.py egg_info --egg-base ../../build/odometry_processing build --build-base /home/glacier-dssl/Projects/odometry_plot_ros2/build/odometry_processing/build install --record /home/glacier-dssl/Projects/odometry_plot_ros2/build/odometry_processing/install.log --single-version-externally-managed install_data
[5.780s] DEBUG:colcon.colcon_core.event_handler.log_command:Invoking command in '/home/glacier-dssl/Projects/odometry_plot_ros2/src/record_data': PYTHONPATH=/home/glacier-dssl/Projects/odometry_plot_ros2/build/record_data/prefix_override:/usr/lib/python3/dist-packages/colcon_core/task/python/colcon_distutils_commands:/home/glacier-dssl/Projects/odometry_plot_ros2/install/record_data/lib/python3.10/site-packages:${PYTHONPATH} /usr/bin/python3 -W ignore:setup.py install is deprecated setup.py egg_info --egg-base ../../build/record_data build --build-base /home/glacier-dssl/Projects/odometry_plot_ros2/build/record_data/build install --record /home/glacier-dssl/Projects/odometry_plot_ros2/build/record_data/install.log --single-version-externally-managed install_data
[6.063s] DEBUG:colcon.colcon_core.event_handler.log_command:Invoked command in '/home/glacier-dssl/Projects/odometry_plot_ros2/src/odometry_processing' returned '0': PYTHONPATH=/home/glacier-dssl/Projects/odometry_plot_ros2/build/odometry_processing/prefix_override:/usr/lib/python3/dist-packages/colcon_core/task/python/colcon_distutils_commands:/home/glacier-dssl/Projects/odometry_plot_ros2/install/odometry_processing/lib/python3.10/site-packages:${PYTHONPATH} /usr/bin/python3 -W ignore:setup.py install is deprecated setup.py egg_info --egg-base ../../build/odometry_processing build --build-base /home/glacier-dssl/Projects/odometry_plot_ros2/build/odometry_processing/build install --record /home/glacier-dssl/Projects/odometry_plot_ros2/build/odometry_processing/install.log --single-version-externally-managed install_data
[6.087s] Level 1:colcon.colcon_core.environment:checking '/home/glacier-dssl/Projects/odometry_plot_ros2/install/odometry_processing' for CMake module files
[6.088s] Level 1:colcon.colcon_core.environment:checking '/home/glacier-dssl/Projects/odometry_plot_ros2/install/odometry_processing' for CMake config files
[6.088s] Level 1:colcon.colcon_core.environment:checking '/home/glacier-dssl/Projects/odometry_plot_ros2/install/odometry_processing/lib'
[6.089s] Level 1:colcon.colcon_core.environment:checking '/home/glacier-dssl/Projects/odometry_plot_ros2/install/odometry_processing/bin'
[6.089s] Level 1:colcon.colcon_core.environment:checking '/home/glacier-dssl/Projects/odometry_plot_ros2/install/odometry_processing/lib/pkgconfig/odometry_processing.pc'
[6.089s] Level 1:colcon.colcon_core.environment:checking '/home/glacier-dssl/Projects/odometry_plot_ros2/install/odometry_processing/lib/python3.10/site-packages'
[6.089s] Level 1:colcon.colcon_core.shell:create_environment_hook('odometry_processing', 'pythonpath')
[6.089s] INFO:colcon.colcon_core.shell:Creating environment hook '/home/glacier-dssl/Projects/odometry_plot_ros2/install/odometry_processing/share/odometry_processing/hook/pythonpath.ps1'
[6.090s] INFO:colcon.colcon_core.shell:Creating environment descriptor '/home/glacier-dssl/Projects/odometry_plot_ros2/install/odometry_processing/share/odometry_processing/hook/pythonpath.dsv'
[6.090s] INFO:colcon.colcon_core.shell:Creating environment hook '/home/glacier-dssl/Projects/odometry_plot_ros2/install/odometry_processing/share/odometry_processing/hook/pythonpath.sh'
[6.091s] Level 1:colcon.colcon_core.environment:checking '/home/glacier-dssl/Projects/odometry_plot_ros2/install/odometry_processing/bin'
[6.091s] Level 1:colcon.colcon_core.environment:create_environment_scripts_only(odometry_processing)
[6.091s] INFO:colcon.colcon_core.shell:Creating package script '/home/glacier-dssl/Projects/odometry_plot_ros2/install/odometry_processing/share/odometry_processing/package.ps1'
[6.093s] INFO:colcon.colcon_core.shell:Creating package descriptor '/home/glacier-dssl/Projects/odometry_plot_ros2/install/odometry_processing/share/odometry_processing/package.dsv'
[6.094s] INFO:colcon.colcon_core.shell:Creating package script '/home/glacier-dssl/Projects/odometry_plot_ros2/install/odometry_processing/share/odometry_processing/package.sh'
[6.094s] INFO:colcon.colcon_core.shell:Creating package script '/home/glacier-dssl/Projects/odometry_plot_ros2/install/odometry_processing/share/odometry_processing/package.bash'
[6.098s] INFO:colcon.colcon_core.shell:Creating package script '/home/glacier-dssl/Projects/odometry_plot_ros2/install/odometry_processing/share/odometry_processing/package.zsh'
[6.100s] Level 1:colcon.colcon_core.environment:create_file_with_runtime_dependencies(/home/glacier-dssl/Projects/odometry_plot_ros2/install/odometry_processing/share/colcon-core/packages/odometry_processing)
[6.105s] Level 1:colcon.colcon_core.environment:checking '/home/glacier-dssl/Projects/odometry_plot_ros2/install/record_data' for CMake module files
[6.105s] DEBUG:colcon.colcon_core.event_handler.log_command:Invoked command in '/home/glacier-dssl/Projects/odometry_plot_ros2/src/record_data' returned '0': PYTHONPATH=/home/glacier-dssl/Projects/odometry_plot_ros2/build/record_data/prefix_override:/usr/lib/python3/dist-packages/colcon_core/task/python/colcon_distutils_commands:/home/glacier-dssl/Projects/odometry_plot_ros2/install/record_data/lib/python3.10/site-packages:${PYTHONPATH} /usr/bin/python3 -W ignore:setup.py install is deprecated setup.py egg_info --egg-base ../../build/record_data build --build-base /home/glacier-dssl/Projects/odometry_plot_ros2/build/record_data/build install --record /home/glacier-dssl/Projects/odometry_plot_ros2/build/record_data/install.log --single-version-externally-managed install_data
[6.106s] Level 1:colcon.colcon_core.environment:checking '/home/glacier-dssl/Projects/odometry_plot_ros2/install/record_data' for CMake config files
[6.106s] Level 1:colcon.colcon_core.environment:checking '/home/glacier-dssl/Projects/odometry_plot_ros2/install/record_data/lib'
[6.106s] Level 1:colcon.colcon_core.environment:checking '/home/glacier-dssl/Projects/odometry_plot_ros2/install/record_data/bin'
[6.106s] Level 1:colcon.colcon_core.environment:checking '/home/glacier-dssl/Projects/odometry_plot_ros2/install/record_data/lib/pkgconfig/record_data.pc'
[6.107s] Level 1:colcon.colcon_core.environment:checking '/home/glacier-dssl/Projects/odometry_plot_ros2/install/record_data/lib/python3.10/site-packages'
[6.107s] Level 1:colcon.colcon_core.shell:create_environment_hook('record_data', 'pythonpath')
[6.107s] INFO:colcon.colcon_core.shell:Creating environment hook '/home/glacier-dssl/Projects/odometry_plot_ros2/install/record_data/share/record_data/hook/pythonpath.ps1'
[6.107s] INFO:colcon.colcon_core.shell:Creating environment descriptor '/home/glacier-dssl/Projects/odometry_plot_ros2/install/record_data/share/record_data/hook/pythonpath.dsv'
[6.108s] INFO:colcon.colcon_core.shell:Creating environment hook '/home/glacier-dssl/Projects/odometry_plot_ros2/install/record_data/share/record_data/hook/pythonpath.sh'
[6.108s] Level 1:colcon.colcon_core.environment:checking '/home/glacier-dssl/Projects/odometry_plot_ros2/install/record_data/bin'
[6.108s] Level 1:colcon.colcon_core.environment:create_environment_scripts_only(record_data)
[6.109s] INFO:colcon.colcon_core.shell:Creating package script '/home/glacier-dssl/Projects/odometry_plot_ros2/install/record_data/share/record_data/package.ps1'
[6.109s] INFO:colcon.colcon_core.shell:Creating package descriptor '/home/glacier-dssl/Projects/odometry_plot_ros2/install/record_data/share/record_data/package.dsv'
[6.109s] INFO:colcon.colcon_core.shell:Creating package script '/home/glacier-dssl/Projects/odometry_plot_ros2/install/record_data/share/record_data/package.sh'
[6.110s] INFO:colcon.colcon_core.shell:Creating package script '/home/glacier-dssl/Projects/odometry_plot_ros2/install/record_data/share/record_data/package.bash'
[6.110s] INFO:colcon.colcon_core.shell:Creating package script '/home/glacier-dssl/Projects/odometry_plot_ros2/install/record_data/share/record_data/package.zsh'
[6.110s] Level 1:colcon.colcon_core.environment:create_file_with_runtime_dependencies(/home/glacier-dssl/Projects/odometry_plot_ros2/install/record_data/share/colcon-core/packages/record_data)
[6.110s] DEBUG:colcon.colcon_parallel_executor.executor.parallel:closing loop
[6.111s] DEBUG:colcon.colcon_parallel_executor.executor.parallel:loop closed
[6.111s] DEBUG:colcon.colcon_parallel_executor.executor.parallel:run_until_complete finished with '0'
[6.111s] DEBUG:colcon.colcon_core.event_reactor:joining thread
[6.117s] INFO:colcon.colcon_core.plugin_system:Skipping extension 'colcon_notification.desktop_notification.terminal_notifier': Not used on non-Darwin systems
[6.117s] INFO:colcon.colcon_core.plugin_system:Skipping extension 'colcon_notification.desktop_notification.win32': Not used on non-Windows systems
[6.117s] INFO:colcon.colcon_notification.desktop_notification:Sending desktop notification using 'notify2'
[6.161s] DEBUG:colcon.colcon_core.event_reactor:joined thread
[6.162s] INFO:colcon.colcon_core.shell:Creating prefix script '/home/glacier-dssl/Projects/odometry_plot_ros2/install/local_setup.ps1'
[6.165s] INFO:colcon.colcon_core.shell:Creating prefix util module '/home/glacier-dssl/Projects/odometry_plot_ros2/install/_local_setup_util_ps1.py'
[6.170s] INFO:colcon.colcon_core.shell:Creating prefix chain script '/home/glacier-dssl/Projects/odometry_plot_ros2/install/setup.ps1'
[6.172s] INFO:colcon.colcon_core.shell:Creating prefix script '/home/glacier-dssl/Projects/odometry_plot_ros2/install/local_setup.sh'
[6.173s] INFO:colcon.colcon_core.shell:Creating prefix util module '/home/glacier-dssl/Projects/odometry_plot_ros2/install/_local_setup_util_sh.py'
[6.173s] INFO:colcon.colcon_core.shell:Creating prefix chain script '/home/glacier-dssl/Projects/odometry_plot_ros2/install/setup.sh'
[6.174s] INFO:colcon.colcon_core.shell:Creating prefix script '/home/glacier-dssl/Projects/odometry_plot_ros2/install/local_setup.bash'
[6.174s] INFO:colcon.colcon_core.shell:Creating prefix chain script '/home/glacier-dssl/Projects/odometry_plot_ros2/install/setup.bash'
[6.175s] INFO:colcon.colcon_core.shell:Creating prefix script '/home/glacier-dssl/Projects/odometry_plot_ros2/install/local_setup.zsh'
[6.176s] INFO:colcon.colcon_core.shell:Creating prefix chain script '/home/glacier-dssl/Projects/odometry_plot_ros2/install/setup.zsh'
