[0.574s] Invoking command in '/home/glacier-dssl/Projects/odometry_plot_ros2/src/odometry_processing': PYTHONPATH=/home/glacier-dssl/Projects/odometry_plot_ros2/build/odometry_processing/prefix_override:/usr/lib/python3/dist-packages/colcon_core/task/python/colcon_distutils_commands:/home/glacier-dssl/Projects/odometry_plot_ros2/install/odometry_processing/lib/python3.10/site-packages:${PYTHONPATH} /usr/bin/python3 -W ignore:setup.py install is deprecated setup.py egg_info --egg-base ../../build/odometry_processing build --build-base /home/glacier-dssl/Projects/odometry_plot_ros2/build/odometry_processing/build install --record /home/glacier-dssl/Projects/odometry_plot_ros2/build/odometry_processing/install.log --single-version-externally-managed install_data
[0.783s] running egg_info
[0.783s] writing ../../build/odometry_processing/odometry_processing.egg-info/PKG-INFO
[0.783s] writing dependency_links to ../../build/odometry_processing/odometry_processing.egg-info/dependency_links.txt
[0.783s] writing entry points to ../../build/odometry_processing/odometry_processing.egg-info/entry_points.txt
[0.783s] writing requirements to ../../build/odometry_processing/odometry_processing.egg-info/requires.txt
[0.783s] writing top-level names to ../../build/odometry_processing/odometry_processing.egg-info/top_level.txt
[0.785s] reading manifest file '../../build/odometry_processing/odometry_processing.egg-info/SOURCES.txt'
[0.785s] adding license file 'LICENSE'
[0.786s] writing manifest file '../../build/odometry_processing/odometry_processing.egg-info/SOURCES.txt'
[0.786s] running build
[0.786s] running build_py
[0.786s] running install
[0.786s] running install_lib
[0.787s] running install_data
[0.787s] copying launch/odom_plot.launch.py -> /home/glacier-dssl/Projects/odometry_plot_ros2/install/odometry_processing/share/odometry_processing
[0.787s] running install_egg_info
[0.789s] removing '/home/glacier-dssl/Projects/odometry_plot_ros2/install/odometry_processing/lib/python3.10/site-packages/odometry_processing-0.0.0-py3.10.egg-info' (and everything under it)
[0.789s] Copying ../../build/odometry_processing/odometry_processing.egg-info to /home/glacier-dssl/Projects/odometry_plot_ros2/install/odometry_processing/lib/python3.10/site-packages/odometry_processing-0.0.0-py3.10.egg-info
[0.790s] running install_scripts
[0.807s] writing list of installed files to '/home/glacier-dssl/Projects/odometry_plot_ros2/build/odometry_processing/install.log'
[0.833s] Invoked command in '/home/glacier-dssl/Projects/odometry_plot_ros2/src/odometry_processing' returned '0': PYTHONPATH=/home/glacier-dssl/Projects/odometry_plot_ros2/build/odometry_processing/prefix_override:/usr/lib/python3/dist-packages/colcon_core/task/python/colcon_distutils_commands:/home/glacier-dssl/Projects/odometry_plot_ros2/install/odometry_processing/lib/python3.10/site-packages:${PYTHONPATH} /usr/bin/python3 -W ignore:setup.py install is deprecated setup.py egg_info --egg-base ../../build/odometry_processing build --build-base /home/glacier-dssl/Projects/odometry_plot_ros2/build/odometry_processing/build install --record /home/glacier-dssl/Projects/odometry_plot_ros2/build/odometry_processing/install.log --single-version-externally-managed install_data
