[0.848s] Invoking command in '/home/glacier-dssl/Projects/odometry_plot_ros2/src/record_data': PYTHONPATH=/home/glacier-dssl/Projects/odometry_plot_ros2/build/record_data/prefix_override:/usr/lib/python3/dist-packages/colcon_core/task/python/colcon_distutils_commands:/home/glacier-dssl/Projects/odometry_plot_ros2/install/record_data/lib/python3.10/site-packages:${PYTHONPATH} /usr/bin/python3 -W ignore:setup.py install is deprecated setup.py egg_info --egg-base ../../build/record_data build --build-base /home/glacier-dssl/Projects/odometry_plot_ros2/build/record_data/build install --record /home/glacier-dssl/Projects/odometry_plot_ros2/build/record_data/install.log --single-version-externally-managed install_data
[1.073s] running egg_info
[1.073s] writing ../../build/record_data/record_data.egg-info/PKG-INFO
[1.073s] writing dependency_links to ../../build/record_data/record_data.egg-info/dependency_links.txt
[1.073s] writing entry points to ../../build/record_data/record_data.egg-info/entry_points.txt
[1.073s] writing requirements to ../../build/record_data/record_data.egg-info/requires.txt
[1.074s] writing top-level names to ../../build/record_data/record_data.egg-info/top_level.txt
[1.075s] reading manifest file '../../build/record_data/record_data.egg-info/SOURCES.txt'
[1.075s] adding license file 'LICENSE'
[1.076s] writing manifest file '../../build/record_data/record_data.egg-info/SOURCES.txt'
[1.076s] running build
[1.076s] running build_py
[1.076s] copying record_data/record_data.py -> /home/glacier-dssl/Projects/odometry_plot_ros2/build/record_data/build/lib/record_data
[1.076s] running install
[1.077s] running install_lib
[1.077s] copying /home/glacier-dssl/Projects/odometry_plot_ros2/build/record_data/build/lib/record_data/record_data.py -> /home/glacier-dssl/Projects/odometry_plot_ros2/install/record_data/lib/python3.10/site-packages/record_data
[1.078s] byte-compiling /home/glacier-dssl/Projects/odometry_plot_ros2/install/record_data/lib/python3.10/site-packages/record_data/record_data.py to record_data.cpython-310.pyc
[1.078s] running install_data
[1.078s] running install_egg_info
[1.080s] removing '/home/glacier-dssl/Projects/odometry_plot_ros2/install/record_data/lib/python3.10/site-packages/record_data-0.0.0-py3.10.egg-info' (and everything under it)
[1.080s] Copying ../../build/record_data/record_data.egg-info to /home/glacier-dssl/Projects/odometry_plot_ros2/install/record_data/lib/python3.10/site-packages/record_data-0.0.0-py3.10.egg-info
[1.081s] running install_scripts
[1.100s] Installing gazebo_get_pub script to /home/glacier-dssl/Projects/odometry_plot_ros2/install/record_data/lib/record_data
[1.100s] Installing record_data script to /home/glacier-dssl/Projects/odometry_plot_ros2/install/record_data/lib/record_data
[1.100s] writing list of installed files to '/home/glacier-dssl/Projects/odometry_plot_ros2/build/record_data/install.log'
[1.128s] Invoked command in '/home/glacier-dssl/Projects/odometry_plot_ros2/src/record_data' returned '0': PYTHONPATH=/home/glacier-dssl/Projects/odometry_plot_ros2/build/record_data/prefix_override:/usr/lib/python3/dist-packages/colcon_core/task/python/colcon_distutils_commands:/home/glacier-dssl/Projects/odometry_plot_ros2/install/record_data/lib/python3.10/site-packages:${PYTHONPATH} /usr/bin/python3 -W ignore:setup.py install is deprecated setup.py egg_info --egg-base ../../build/record_data build --build-base /home/glacier-dssl/Projects/odometry_plot_ros2/build/record_data/build install --record /home/glacier-dssl/Projects/odometry_plot_ros2/build/record_data/install.log --single-version-externally-managed install_data
