running egg_info
creating ../../build/odometry_processing/odometry_processing.egg-info
writing ../../build/odometry_processing/odometry_processing.egg-info/PKG-INFO
writing dependency_links to ../../build/odometry_processing/odometry_processing.egg-info/dependency_links.txt
writing entry points to ../../build/odometry_processing/odometry_processing.egg-info/entry_points.txt
writing requirements to ../../build/odometry_processing/odometry_processing.egg-info/requires.txt
writing top-level names to ../../build/odometry_processing/odometry_processing.egg-info/top_level.txt
writing manifest file '../../build/odometry_processing/odometry_processing.egg-info/SOURCES.txt'
reading manifest file '../../build/odometry_processing/odometry_processing.egg-info/SOURCES.txt'
adding license file 'LICENSE'
writing manifest file '../../build/odometry_processing/odometry_processing.egg-info/SOURCES.txt'
running build
running build_py
creating /home/dssl/Projects/odometry_plot_ros2/build/odometry_processing/build
creating /home/dssl/Projects/odometry_plot_ros2/build/odometry_processing/build/lib
creating /home/dssl/Projects/odometry_plot_ros2/build/odometry_processing/build/lib/odometry_processing
copying odometry_processing/__init__.py -> /home/dssl/Projects/odometry_plot_ros2/build/odometry_processing/build/lib/odometry_processing
running install
running install_lib
creating /home/dssl/Projects/odometry_plot_ros2/install/odometry_processing/lib/python3.10/site-packages/odometry_processing
copying /home/dssl/Projects/odometry_plot_ros2/build/odometry_processing/build/lib/odometry_processing/__init__.py -> /home/dssl/Projects/odometry_plot_ros2/install/odometry_processing/lib/python3.10/site-packages/odometry_processing
byte-compiling /home/dssl/Projects/odometry_plot_ros2/install/odometry_processing/lib/python3.10/site-packages/odometry_processing/__init__.py to __init__.cpython-310.pyc
running install_data
creating /home/dssl/Projects/odometry_plot_ros2/install/odometry_processing/share/ament_index
creating /home/dssl/Projects/odometry_plot_ros2/install/odometry_processing/share/ament_index/resource_index
creating /home/dssl/Projects/odometry_plot_ros2/install/odometry_processing/share/ament_index/resource_index/packages
copying resource/odometry_processing -> /home/dssl/Projects/odometry_plot_ros2/install/odometry_processing/share/ament_index/resource_index/packages
copying package.xml -> /home/dssl/Projects/odometry_plot_ros2/install/odometry_processing/share/odometry_processing
running install_egg_info
Copying ../../build/odometry_processing/odometry_processing.egg-info to /home/dssl/Projects/odometry_plot_ros2/install/odometry_processing/lib/python3.10/site-packages/odometry_processing-0.0.0-py3.10.egg-info
running install_scripts
writing list of installed files to '/home/dssl/Projects/odometry_plot_ros2/build/odometry_processing/install.log'
