[0.366s] Invoking command in '/home/dssl/Projects/odometry_plot_ros2/src/odometry_processing': PYTHONPATH=/home/dssl/Projects/odometry_plot_ros2/build/odometry_processing/prefix_override:/usr/lib/python3/dist-packages/colcon_core/task/python/colcon_distutils_commands:/home/dssl/Projects/odometry_plot_ros2/install/odometry_processing/lib/python3.10/site-packages:${PYTHONPATH} /usr/bin/python3 -W ignore:setup.py install is deprecated setup.py egg_info --egg-base ../../build/odometry_processing build --build-base /home/dssl/Projects/odometry_plot_ros2/build/odometry_processing/build install --record /home/dssl/Projects/odometry_plot_ros2/build/odometry_processing/install.log --single-version-externally-managed install_data
[0.492s] running egg_info
[0.492s] creating ../../build/odometry_processing/odometry_processing.egg-info
[0.493s] writing ../../build/odometry_processing/odometry_processing.egg-info/PKG-INFO
[0.493s] writing dependency_links to ../../build/odometry_processing/odometry_processing.egg-info/dependency_links.txt
[0.493s] writing entry points to ../../build/odometry_processing/odometry_processing.egg-info/entry_points.txt
[0.493s] writing requirements to ../../build/odometry_processing/odometry_processing.egg-info/requires.txt
[0.493s] writing top-level names to ../../build/odometry_processing/odometry_processing.egg-info/top_level.txt
[0.493s] writing manifest file '../../build/odometry_processing/odometry_processing.egg-info/SOURCES.txt'
[0.493s] reading manifest file '../../build/odometry_processing/odometry_processing.egg-info/SOURCES.txt'
[0.494s] adding license file 'LICENSE'
[0.494s] writing manifest file '../../build/odometry_processing/odometry_processing.egg-info/SOURCES.txt'
[0.494s] running build
[0.494s] running build_py
[0.494s] creating /home/dssl/Projects/odometry_plot_ros2/build/odometry_processing/build
[0.494s] creating /home/dssl/Projects/odometry_plot_ros2/build/odometry_processing/build/lib
[0.495s] creating /home/dssl/Projects/odometry_plot_ros2/build/odometry_processing/build/lib/odometry_processing
[0.495s] copying odometry_processing/__init__.py -> /home/dssl/Projects/odometry_plot_ros2/build/odometry_processing/build/lib/odometry_processing
[0.495s] running install
[0.495s] running install_lib
[0.495s] creating /home/dssl/Projects/odometry_plot_ros2/install/odometry_processing/lib/python3.10/site-packages/odometry_processing
[0.495s] copying /home/dssl/Projects/odometry_plot_ros2/build/odometry_processing/build/lib/odometry_processing/__init__.py -> /home/dssl/Projects/odometry_plot_ros2/install/odometry_processing/lib/python3.10/site-packages/odometry_processing
[0.495s] byte-compiling /home/dssl/Projects/odometry_plot_ros2/install/odometry_processing/lib/python3.10/site-packages/odometry_processing/__init__.py to __init__.cpython-310.pyc
[0.495s] running install_data
[0.495s] creating /home/dssl/Projects/odometry_plot_ros2/install/odometry_processing/share/ament_index
[0.495s] creating /home/dssl/Projects/odometry_plot_ros2/install/odometry_processing/share/ament_index/resource_index
[0.495s] creating /home/dssl/Projects/odometry_plot_ros2/install/odometry_processing/share/ament_index/resource_index/packages
[0.496s] copying resource/odometry_processing -> /home/dssl/Projects/odometry_plot_ros2/install/odometry_processing/share/ament_index/resource_index/packages
[0.496s] copying package.xml -> /home/dssl/Projects/odometry_plot_ros2/install/odometry_processing/share/odometry_processing
[0.496s] running install_egg_info
[0.496s] Copying ../../build/odometry_processing/odometry_processing.egg-info to /home/dssl/Projects/odometry_plot_ros2/install/odometry_processing/lib/python3.10/site-packages/odometry_processing-0.0.0-py3.10.egg-info
[0.496s] running install_scripts
[0.506s] writing list of installed files to '/home/dssl/Projects/odometry_plot_ros2/build/odometry_processing/install.log'
[0.520s] Invoked command in '/home/dssl/Projects/odometry_plot_ros2/src/odometry_processing' returned '0': PYTHONPATH=/home/dssl/Projects/odometry_plot_ros2/build/odometry_processing/prefix_override:/usr/lib/python3/dist-packages/colcon_core/task/python/colcon_distutils_commands:/home/dssl/Projects/odometry_plot_ros2/install/odometry_processing/lib/python3.10/site-packages:${PYTHONPATH} /usr/bin/python3 -W ignore:setup.py install is deprecated setup.py egg_info --egg-base ../../build/odometry_processing build --build-base /home/dssl/Projects/odometry_plot_ros2/build/odometry_processing/build install --record /home/dssl/Projects/odometry_plot_ros2/build/odometry_processing/install.log --single-version-externally-managed install_data
